TN:
SF:projects/shared/src/lib/common/http/request/request.model.ts
FN:24,(anonymous_0)
FN:32,(anonymous_1)
FN:39,(anonymous_2)
FN:46,(anonymous_3)
FN:53,(anonymous_4)
FN:63,(anonymous_5)
FN:82,(anonymous_6)
FN:90,(anonymous_7)
FN:97,(anonymous_8)
FN:104,(anonymous_9)
FN:111,(anonymous_10)
FN:118,(anonymous_11)
FN:120,(anonymous_12)
FN:138,(anonymous_13)
FN:146,(anonymous_14)
FN:153,(anonymous_15)
FN:160,(anonymous_16)
FN:167,(anonymous_17)
FN:174,(anonymous_18)
FN:176,(anonymous_19)
FNF:20
FNH:20
FNDA:237,(anonymous_0)
FNDA:49,(anonymous_1)
FNDA:175,(anonymous_2)
FNDA:41,(anonymous_3)
FNDA:192,(anonymous_4)
FNDA:1,(anonymous_5)
FNDA:232,(anonymous_6)
FNDA:44,(anonymous_7)
FNDA:175,(anonymous_8)
FNDA:41,(anonymous_9)
FNDA:191,(anonymous_10)
FNDA:1,(anonymous_11)
FNDA:3,(anonymous_12)
FNDA:234,(anonymous_13)
FNDA:46,(anonymous_14)
FNDA:175,(anonymous_15)
FNDA:41,(anonymous_16)
FNDA:191,(anonymous_17)
FNDA:1,(anonymous_18)
FNDA:3,(anonymous_19)
DA:25,237
DA:26,237
DA:33,49
DA:40,175
DA:47,41
DA:54,192
DA:64,1
DA:84,232
DA:91,44
DA:98,175
DA:105,41
DA:112,191
DA:119,1
DA:120,3
DA:140,234
DA:147,46
DA:154,175
DA:161,41
DA:168,191
DA:175,1
DA:176,3
DA:184,1
DA:185,1
LF:23
LH:23
BRDA:25,0,0,61
BRDA:25,0,1,176
BRDA:25,1,0,237
BRDA:25,1,1,61
BRDA:26,2,0,61
BRDA:26,2,1,176
BRDA:26,3,0,237
BRDA:26,3,1,62
BRDA:55,4,0,192
BRDA:55,4,1,0
BRDA:55,5,0,192
BRDA:55,5,1,192
BRDA:56,6,0,192
BRDA:56,6,1,0
BRDA:56,7,0,192
BRDA:56,7,1,192
BRF:16
BRH:14
end_of_record
TN:
SF:projects/shared/src/lib/common/object/model/taurus-object.model.ts
FN:27,(anonymous_0)
FN:35,(anonymous_1)
FN:42,(anonymous_2)
FN:49,(anonymous_3)
FN:58,(anonymous_4)
FN:59,(anonymous_5)
FN:76,(anonymous_6)
FNF:7
FNH:7
FNDA:38,(anonymous_0)
FNDA:22,(anonymous_1)
FNDA:22,(anonymous_2)
FNDA:24,(anonymous_3)
FNDA:5,(anonymous_4)
FNDA:12,(anonymous_5)
FNDA:18,(anonymous_6)
DA:17,1
DA:28,38
DA:36,22
DA:43,22
DA:51,24
DA:59,12
DA:61,5
DA:62,3
DA:63,1
DA:65,1
DA:68,2
DA:71,2
DA:73,2
DA:77,18
DA:78,18
DA:80,17
DA:82,1
DA:84,1
LF:18
LH:18
BRDA:61,0,0,3
BRDA:62,1,0,1
BRF:2
BRH:2
end_of_record
TN:
SF:projects/shared/src/lib/common/predicate/comparable/comparable.impl.ts
FN:24,(anonymous_0)
FN:31,(anonymous_1)
FN:38,(anonymous_2)
FN:40,(anonymous_3)
FN:55,(anonymous_4)
FN:62,(anonymous_5)
FN:69,(anonymous_6)
FN:76,(anonymous_7)
FN:83,(anonymous_8)
FN:90,(anonymous_9)
FN:97,(anonymous_10)
FN:104,(anonymous_11)
FN:111,(anonymous_12)
FNF:13
FNH:13
FNDA:193,(anonymous_0)
FNDA:149,(anonymous_1)
FNDA:32,(anonymous_2)
FNDA:17,(anonymous_3)
FNDA:4,(anonymous_4)
FNDA:4,(anonymous_5)
FNDA:2,(anonymous_6)
FNDA:12,(anonymous_7)
FNDA:4,(anonymous_8)
FNDA:2,(anonymous_9)
FNDA:3,(anonymous_10)
FNDA:2,(anonymous_11)
FNDA:3,(anonymous_12)
DA:25,193
DA:32,149
DA:39,32
DA:40,31
DA:44,31
DA:48,1
DA:56,4
DA:63,4
DA:70,2
DA:77,12
DA:84,4
DA:91,2
DA:98,3
DA:105,2
DA:112,3
LF:15
LH:15
BRDA:39,0,0,31
BRDA:39,0,1,1
BRDA:40,1,0,6
BRDA:40,1,1,11
BRDA:44,2,0,14
BRDA:44,2,1,17
BRF:6
BRH:6
end_of_record
TN:
SF:projects/shared/src/lib/common/predicate/comparable/predicates-comparable.impl.ts
FN:17,(anonymous_0)
FN:24,(anonymous_1)
FN:31,(anonymous_2)
FN:40,(anonymous_3)
FN:47,(anonymous_4)
FN:54,(anonymous_5)
FN:56,(anonymous_6)
FN:62,(anonymous_7)
FN:64,(anonymous_8)
FN:70,(anonymous_9)
FN:72,(anonymous_10)
FN:78,(anonymous_11)
FN:85,(anonymous_12)
FN:92,(anonymous_13)
FN:99,(anonymous_14)
FN:104,(anonymous_15)
FNF:16
FNH:16
FNDA:34,(anonymous_0)
FNDA:26,(anonymous_1)
FNDA:1,(anonymous_2)
FNDA:3,(anonymous_3)
FNDA:3,(anonymous_4)
FNDA:2,(anonymous_5)
FNDA:5,(anonymous_6)
FNDA:3,(anonymous_7)
FNDA:6,(anonymous_8)
FNDA:3,(anonymous_9)
FNDA:6,(anonymous_10)
FNDA:1,(anonymous_11)
FNDA:1,(anonymous_12)
FNDA:1,(anonymous_13)
FNDA:1,(anonymous_14)
FNDA:4,(anonymous_15)
DA:18,34
DA:25,26
DA:32,1
DA:34,1
DA:41,3
DA:48,3
DA:55,2
DA:56,5
DA:63,3
DA:64,6
DA:71,3
DA:72,6
DA:79,1
DA:86,1
DA:93,1
DA:100,1
DA:105,4
DA:107,4
LF:18
LH:18
BRDA:18,0,0,34
BRDA:18,0,1,0
BRDA:18,1,0,34
BRDA:18,1,1,34
BRF:4
BRH:3
end_of_record
TN:
SF:projects/shared/src/lib/common/predicate/compound/and.predicate.ts
FN:16,(anonymous_0)
FN:27,(anonymous_1)
FNF:2
FNH:2
FNDA:2,(anonymous_0)
FNDA:1,(anonymous_1)
DA:17,2
DA:18,1
DA:20,1
DA:28,1
LF:4
LH:4
BRDA:17,0,0,1
BRDA:17,0,1,1
BRF:2
BRH:2
end_of_record
TN:
SF:projects/shared/src/lib/common/predicate/compound/base-compound.predicate.ts
FN:18,(anonymous_0)
FN:33,(anonymous_1)
FNF:2
FNH:2
FNDA:12,(anonymous_0)
FNDA:1,(anonymous_1)
DA:19,12
DA:20,8
DA:21,6
DA:23,2
DA:26,4
DA:34,1
LF:6
LH:6
BRDA:19,0,0,8
BRDA:19,0,1,4
BRDA:20,1,0,6
BRDA:20,1,1,2
BRF:4
BRH:4
end_of_record
TN:
SF:projects/shared/src/lib/common/predicate/compound/or.predicate.ts
FN:16,(anonymous_0)
FN:27,(anonymous_1)
FNF:2
FNH:2
FNDA:2,(anonymous_0)
FNDA:1,(anonymous_1)
DA:17,2
DA:18,1
DA:20,1
DA:28,1
LF:4
LH:4
BRDA:17,0,0,1
BRDA:17,0,1,1
BRF:2
BRH:2
end_of_record
TN:
SF:projects/shared/src/lib/common/predicate/simple/base-simple.predicate.ts
FN:14,(anonymous_0)
FN:21,(anonymous_1)
FNF:2
FNH:2
FNDA:36,(anonymous_0)
FNDA:1,(anonymous_1)
DA:15,36
DA:22,1
LF:2
LH:2
BRF:0
BRH:0
end_of_record
TN:
SF:projects/shared/src/lib/common/predicate/simple/equal.predicate.ts
FN:16,(anonymous_0)
FN:23,(anonymous_1)
FN:30,(anonymous_2)
FNF:3
FNH:3
FNDA:36,(anonymous_0)
FNDA:35,(anonymous_1)
FNDA:8,(anonymous_2)
DA:17,36
DA:24,35
DA:31,8
LF:3
LH:3
BRF:0
BRH:0
end_of_record
TN:
SF:projects/shared/src/lib/common/tasks/task.model.ts
FN:11,(anonymous_0)
FN:26,(anonymous_1)
FNF:2
FNH:2
FNDA:63,(anonymous_0)
FNDA:14,(anonymous_1)
DA:5,1
DA:6,1
DA:11,1
DA:12,63
DA:13,4
DA:20,59
DA:26,1
DA:27,14
DA:28,3
DA:31,11
LF:10
LH:10
BRDA:12,0,0,4
BRDA:27,1,0,3
BRF:2
BRH:2
end_of_record
TN:
SF:projects/shared/src/lib/commons/ngx-components/animation-constants.ts
FN:64,multiply
FNF:1
FNH:1
FNDA:23,multiply
DA:4,1
DA:5,1
DA:6,1
DA:7,1
DA:10,1
DA:11,1
DA:12,1
DA:13,1
DA:18,1
DA:19,1
DA:20,1
DA:21,1
DA:25,1
DA:26,1
DA:27,1
DA:28,1
DA:33,1
DA:34,1
DA:37,1
DA:38,1
DA:42,1
DA:43,1
DA:44,1
DA:47,1
DA:48,1
DA:49,1
DA:52,1
DA:53,1
DA:54,1
DA:56,1
DA:57,1
DA:58,1
DA:59,1
DA:62,1
DA:65,23
LF:35
LH:35
BRF:0
BRH:0
end_of_record
TN:
SF:projects/shared/src/lib/commons/ngx-components/vmw-ngx-components.module.ts
FN:83,(anonymous_0)
FN:71,(anonymous_1)
FN:77,(anonymous_2)
FNF:3
FNH:0
FNDA:0,(anonymous_0)
FNDA:0,(anonymous_1)
FNDA:0,(anonymous_2)
DA:70,1
DA:72,0
DA:78,0
DA:84,0
LF:4
LH:1
BRF:0
BRH:0
end_of_record
TN:
SF:projects/shared/src/lib/commons/ngx-components/copy-to-clipboard-button/copy-to-clipboard-button.l10n.ts
FNF:0
FNH:0
DA:1,1
LF:1
LH:1
BRF:0
BRH:0
end_of_record
TN:
SF:projects/shared/src/lib/commons/ngx-components/copy-to-clipboard-button/index.ts
FNF:0
FNH:0
DA:7,1
LF:1
LH:1
BRF:0
BRH:0
end_of_record
TN:
SF:projects/shared/src/lib/commons/ngx-components/empty-state-placeholder/empty-state-placeholder.module.ts
FNF:0
FNH:0
DA:20,1
LF:1
LH:1
BRF:0
BRH:0
end_of_record
TN:
SF:projects/shared/src/lib/commons/ngx-components/form-section/index.ts
FNF:0
FNH:0
DA:7,1
LF:1
LH:1
BRF:0
BRH:0
end_of_record
TN:
SF:projects/shared/src/lib/commons/ngx-components/form-section-container/index.ts
FNF:0
FNH:0
DA:7,1
LF:1
LH:1
BRF:0
BRH:0
end_of_record
TN:
SF:projects/shared/src/lib/commons/ngx-components/search/search.module.ts
FNF:0
FNH:0
DA:22,1
LF:1
LH:1
BRF:0
BRH:0
end_of_record
TN:
SF:projects/shared/src/lib/commons/ngx-components/toast/index.ts
FNF:0
FNH:0
DA:10,1
LF:1
LH:1
BRF:0
BRH:0
end_of_record
TN:
SF:projects/shared/src/lib/commons/ngx-components/toast/toast.l10n.ts
FNF:0
FNH:0
DA:1,1
LF:1
LH:1
BRF:0
BRH:0
end_of_record
TN:
SF:projects/shared/src/lib/commons/ngx-components/toast/toast.model.ts
FN:1,(anonymous_0)
FNF:1
FNH:1
FNDA:1,(anonymous_0)
DA:1,1
DA:2,1
DA:3,1
DA:4,1
DA:5,1
LF:5
LH:5
BRDA:1,0,0,1
BRDA:1,0,1,1
BRF:2
BRH:2
end_of_record
TN:
SF:projects/shared/src/lib/commons/ngx-utils/simple-translate-service/simple-translate.module.ts
FN:17,(anonymous_0)
FNF:1
FNH:0
FNDA:0,(anonymous_0)
DA:16,1
DA:18,0
LF:2
LH:1
BRF:0
BRH:0
end_of_record
TN:
SF:projects/shared/src/lib/commons/ngx-utils/simple-translate-service/simple-translate.pipe.ts
FN:10,(anonymous_0)
FN:12,(anonymous_1)
FNF:2
FNH:0
FNDA:0,(anonymous_0)
FNDA:0,(anonymous_1)
DA:9,1
DA:10,0
DA:13,0
LF:3
LH:1
BRF:0
BRH:0
end_of_record
TN:
SF:projects/shared/src/lib/commons/ngx-utils/simple-translate-service/simple-translate.service.ts
FN:12,(anonymous_0)
FN:18,(anonymous_1)
FN:31,(anonymous_2)
FN:55,(anonymous_3)
FN:59,(anonymous_4)
FN:83,(anonymous_5)
FN:84,(anonymous_6)
FNF:7
FNH:6
FNDA:7,(anonymous_0)
FNDA:6,(anonymous_1)
FNDA:14,(anonymous_2)
FNDA:5,(anonymous_3)
FNDA:6,(anonymous_4)
FNDA:6,(anonymous_5)
FNDA:0,(anonymous_6)
DA:3,1
DA:8,1
DA:9,7
DA:10,7
DA:13,7
DA:14,7
DA:15,7
DA:19,6
DA:20,42
DA:21,42
DA:24,42
DA:25,48
DA:26,48
DA:32,14
DA:35,14
DA:39,14
DA:44,14
DA:45,14
DA:46,14
DA:48,14
DA:49,1
DA:51,13
DA:56,5
DA:60,6
DA:63,6
DA:64,2
DA:68,6
DA:69,6
DA:70,5
DA:71,1
DA:72,1
DA:76,6
DA:77,1
DA:80,6
DA:84,6
DA:85,0
LF:36
LH:35
BRDA:14,0,0,7
BRDA:14,0,1,0
BRDA:20,1,0,42
BRDA:39,2,0,14
BRDA:39,2,1,14
BRDA:45,3,0,14
BRDA:45,3,1,13
BRDA:46,4,0,14
BRDA:46,4,1,13
BRDA:46,4,2,0
BRDA:48,5,0,1
BRDA:48,5,1,13
BRDA:48,6,0,14
BRDA:48,6,1,13
BRDA:63,7,0,2
BRDA:64,8,0,2
BRDA:64,8,1,0
BRDA:69,9,0,5
BRDA:69,9,1,1
BRDA:71,10,0,1
BRDA:76,11,0,1
BRDA:85,12,0,0
BRDA:85,12,1,0
BRF:23
BRH:18
end_of_record
TN:
SF:projects/shared/src/lib/core/component/model/component-model.comparable.ts
FN:13,(anonymous_0)
FN:20,(anonymous_1)
FN:27,(anonymous_2)
FN:35,(anonymous_3)
FNF:4
FNH:4
FNDA:23,(anonymous_0)
FNDA:22,(anonymous_1)
FNDA:11,(anonymous_2)
FNDA:10,(anonymous_3)
DA:14,23
DA:21,22
DA:28,11
DA:29,10
DA:31,1
DA:36,10
DA:37,1
DA:40,9
DA:41,1
DA:44,8
DA:45,1
DA:48,7
DA:49,1
DA:52,6
DA:53,1
DA:56,5
DA:57,1
DA:60,4
DA:61,2
DA:64,2
DA:65,1
DA:68,1
LF:22
LH:22
BRDA:28,0,0,10
BRDA:28,0,1,1
BRDA:36,1,0,1
BRDA:40,2,0,1
BRDA:44,3,0,1
BRDA:48,4,0,1
BRDA:52,5,0,1
BRDA:56,6,0,1
BRDA:60,7,0,2
BRDA:64,8,0,1
BRF:10
BRH:10
end_of_record
TN:
SF:projects/shared/src/lib/core/component/model/component.model.ts
FN:24,(anonymous_0)
FN:32,(anonymous_1)
FN:39,(anonymous_2)
FN:46,(anonymous_3)
FN:53,(anonymous_4)
FN:61,(anonymous_5)
FN:68,(anonymous_6)
FN:79,(anonymous_7)
FN:90,(anonymous_8)
FN:101,(anonymous_9)
FN:112,(anonymous_10)
FN:123,(anonymous_11)
FN:132,(anonymous_12)
FN:141,(anonymous_13)
FN:148,(anonymous_14)
FN:155,(anonymous_15)
FN:164,(anonymous_16)
FN:173,(anonymous_17)
FN:184,(anonymous_18)
FN:193,(anonymous_19)
FN:202,(anonymous_20)
FN:211,(anonymous_21)
FN:220,(anonymous_22)
FN:229,(anonymous_23)
FN:241,(anonymous_24)
FNF:25
FNH:23
FNDA:81,(anonymous_0)
FNDA:80,(anonymous_1)
FNDA:2,(anonymous_2)
FNDA:20,(anonymous_3)
FNDA:2,(anonymous_4)
FNDA:85,(anonymous_5)
FNDA:1,(anonymous_6)
FNDA:2,(anonymous_7)
FNDA:1,(anonymous_8)
FNDA:2,(anonymous_9)
FNDA:1,(anonymous_10)
FNDA:1,(anonymous_11)
FNDA:0,(anonymous_12)
FNDA:13,(anonymous_13)
FNDA:0,(anonymous_14)
FNDA:2,(anonymous_15)
FNDA:1,(anonymous_16)
FNDA:1,(anonymous_17)
FNDA:1,(anonymous_18)
FNDA:1,(anonymous_19)
FNDA:1,(anonymous_20)
FNDA:1,(anonymous_21)
FNDA:2,(anonymous_22)
FNDA:14,(anonymous_23)
FNDA:1,(anonymous_24)
DA:24,81
DA:25,81
DA:26,81
DA:33,80
DA:40,2
DA:47,20
DA:54,2
DA:62,85
DA:69,1
DA:73,1
DA:80,2
DA:84,2
DA:91,1
DA:95,1
DA:102,2
DA:106,2
DA:113,1
DA:117,1
DA:124,1
DA:126,1
DA:133,0
DA:135,0
DA:142,13
DA:149,0
DA:156,2
DA:158,2
DA:165,1
DA:167,1
DA:174,1
DA:178,1
DA:185,1
DA:194,1
DA:196,1
DA:203,1
DA:205,1
DA:212,1
DA:214,1
DA:221,2
DA:223,2
DA:230,14
DA:235,14
DA:242,1
LF:42
LH:39
BRDA:54,0,0,2
BRDA:54,0,1,1
BRF:2
BRH:2
end_of_record
TN:
SF:projects/shared/src/lib/core/component/model/state/component-state.model.ts
FN:306,(anonymous_0)
FN:330,(anonymous_1)
FN:351,(anonymous_2)
FN:366,(anonymous_3)
FN:403,(anonymous_4)
FN:418,(anonymous_5)
FN:427,(anonymous_6)
FNF:7
FNH:7
FNDA:266,(anonymous_0)
FNDA:253,(anonymous_1)
FNDA:40,(anonymous_2)
FNDA:69,(anonymous_3)
FNDA:190,(anonymous_4)
FNDA:1,(anonymous_5)
FNDA:17,(anonymous_6)
DA:307,266
DA:311,266
DA:312,266
DA:313,266
DA:314,266
DA:315,266
DA:316,266
DA:317,266
DA:318,266
DA:319,266
DA:320,266
DA:321,266
DA:322,266
DA:323,266
DA:324,266
DA:331,253
DA:352,40
DA:367,69
DA:404,190
DA:419,1
DA:428,17
LF:21
LH:21
BRDA:307,0,0,266
BRDA:307,0,1,0
BRDA:312,1,0,243
BRDA:312,1,1,23
BRDA:312,2,0,266
BRDA:312,2,1,266
BRDA:313,3,0,120
BRDA:313,3,1,146
BRDA:313,4,0,266
BRDA:313,4,1,228
BRDA:315,5,0,160
BRDA:315,5,1,106
BRDA:315,6,0,266
BRDA:315,6,1,266
BRDA:316,7,0,93
BRDA:316,7,1,173
BRDA:316,8,0,266
BRDA:316,8,1,266
BRDA:317,9,0,93
BRDA:317,9,1,173
BRDA:317,10,0,266
BRDA:317,10,1,266
BRDA:318,11,0,93
BRDA:318,11,1,173
BRDA:318,12,0,266
BRDA:318,12,1,266
BRDA:319,13,0,93
BRDA:319,13,1,173
BRDA:319,14,0,266
BRDA:319,14,1,266
BRDA:320,15,0,93
BRDA:320,15,1,173
BRDA:320,16,0,266
BRDA:320,16,1,266
BRDA:321,17,0,18
BRDA:321,17,1,248
BRDA:321,18,0,266
BRDA:321,18,1,191
BRDA:322,19,0,5
BRDA:322,19,1,261
BRDA:322,20,0,266
BRDA:322,20,1,177
BRDA:323,21,0,122
BRDA:323,21,1,144
BRDA:323,22,0,266
BRDA:323,22,1,266
BRDA:324,23,0,93
BRDA:324,23,1,173
BRDA:324,24,0,266
BRDA:324,24,1,266
BRDA:427,25,0,1
BRF:51
BRH:50
end_of_record
TN:
SF:projects/shared/src/lib/core/component/model/state/component-status.model.ts
FNF:0
FNH:0
DA:8,1
DA:13,1
DA:18,1
DA:23,1
DA:28,1
LF:5
LH:5
BRF:0
BRH:0
end_of_record
TN:
SF:projects/shared/src/lib/core/component/model/state/components-state.model.ts
FN:21,(anonymous_0)
FN:31,(anonymous_1)
FN:40,(anonymous_2)
FN:49,(anonymous_3)
FN:62,(anonymous_4)
FN:79,(anonymous_5)
FN:91,(anonymous_6)
FN:102,(anonymous_7)
FN:114,(anonymous_8)
FN:126,(anonymous_9)
FN:149,(anonymous_10)
FN:178,(anonymous_11)
FN:184,(anonymous_12)
FN:203,(anonymous_13)
FN:204,(anonymous_14)
FN:223,(anonymous_15)
FN:245,(anonymous_16)
FN:259,(anonymous_17)
FN:263,(anonymous_18)
FN:267,(anonymous_19)
FNF:20
FNH:20
FNDA:34,(anonymous_0)
FNDA:6,(anonymous_1)
FNDA:99,(anonymous_2)
FNDA:63,(anonymous_3)
FNDA:20,(anonymous_4)
FNDA:1,(anonymous_5)
FNDA:1,(anonymous_6)
FNDA:1,(anonymous_7)
FNDA:1,(anonymous_8)
FNDA:3,(anonymous_9)
FNDA:246,(anonymous_10)
FNDA:3,(anonymous_11)
FNDA:8,(anonymous_12)
FNDA:3,(anonymous_13)
FNDA:8,(anonymous_14)
FNDA:2,(anonymous_15)
FNDA:5,(anonymous_16)
FNDA:284,(anonymous_17)
FNDA:208,(anonymous_18)
FNDA:185,(anonymous_19)
DA:22,34
DA:32,6
DA:41,99
DA:43,99
DA:50,63
DA:63,20
DA:71,20
DA:80,1
DA:92,1
DA:103,1
DA:115,1
DA:131,3
DA:132,1
DA:134,1
DA:137,2
DA:139,2
DA:154,246
DA:155,3
DA:158,243
DA:159,80
DA:160,59
DA:163,21
DA:166,163
DA:168,163
DA:179,3
DA:180,0
DA:183,3
DA:184,8
DA:188,3
DA:189,1
DA:192,2
DA:194,2
DA:204,3
DA:205,8
DA:208,3
DA:209,1
DA:212,2
DA:214,2
DA:224,2
DA:226,2
DA:227,0
DA:230,2
DA:231,1
DA:233,1
DA:236,1
DA:249,5
DA:250,0
DA:256,5
DA:260,284
DA:261,284
DA:263,284
DA:264,208
DA:267,284
DA:268,185
DA:273,185
DA:276,284
LF:56
LH:53
BRDA:52,0,0,63
BRDA:52,0,1,0
BRDA:65,1,0,20
BRDA:65,1,1,0
BRDA:71,2,0,18
BRDA:71,2,1,2
BRDA:81,3,0,1
BRDA:81,3,1,0
BRDA:104,4,0,1
BRDA:104,4,1,0
BRDA:116,5,0,1
BRDA:116,5,1,0
BRDA:131,6,0,1
BRDA:154,7,0,3
BRDA:158,8,0,80
BRDA:159,9,0,59
BRDA:179,10,0,0
BRDA:188,11,0,1
BRDA:208,12,0,1
BRDA:226,13,0,0
BRDA:230,14,0,1
BRDA:249,15,0,0
BRDA:260,16,0,284
BRDA:260,16,1,0
BRDA:260,17,0,284
BRDA:260,17,1,284
BRDA:261,18,0,185
BRDA:261,18,1,99
BRDA:261,19,0,284
BRDA:261,19,1,284
BRF:30
BRH:21
end_of_record
TN:
SF:projects/shared/src/lib/core/component/services/component.service.ts
FN:104,(anonymous_0)
FN:114,(anonymous_1)
FN:116,(anonymous_2)
FN:119,(anonymous_3)
FN:121,(anonymous_4)
FN:135,(anonymous_5)
FN:144,(anonymous_6)
FN:150,(anonymous_7)
FN:178,(anonymous_8)
FN:184,(anonymous_9)
FN:198,(anonymous_10)
FN:203,(anonymous_11)
FN:212,(anonymous_12)
FN:217,(anonymous_13)
FN:219,(anonymous_14)
FN:220,(anonymous_15)
FN:228,(anonymous_16)
FN:233,(anonymous_17)
FN:235,(anonymous_18)
FN:236,(anonymous_19)
FN:244,(anonymous_20)
FN:250,(anonymous_21)
FN:251,(anonymous_22)
FN:253,(anonymous_23)
FN:255,(anonymous_24)
FN:263,(anonymous_25)
FN:268,(anonymous_26)
FN:282,(anonymous_27)
FN:287,(anonymous_28)
FN:334,(anonymous_29)
FN:368,(anonymous_30)
FNF:31
FNH:29
FNDA:21,(anonymous_0)
FNDA:2,(anonymous_1)
FNDA:0,(anonymous_2)
FNDA:2,(anonymous_3)
FNDA:2,(anonymous_4)
FNDA:1,(anonymous_5)
FNDA:2,(anonymous_6)
FNDA:2,(anonymous_7)
FNDA:1,(anonymous_8)
FNDA:1,(anonymous_9)
FNDA:2,(anonymous_10)
FNDA:2,(anonymous_11)
FNDA:4,(anonymous_12)
FNDA:9,(anonymous_13)
FNDA:9,(anonymous_14)
FNDA:3,(anonymous_15)
FNDA:6,(anonymous_16)
FNDA:19,(anonymous_17)
FNDA:19,(anonymous_18)
FNDA:4,(anonymous_19)
FNDA:11,(anonymous_20)
FNDA:29,(anonymous_21)
FNDA:29,(anonymous_22)
FNDA:29,(anonymous_23)
FNDA:16,(anonymous_24)
FNDA:2,(anonymous_25)
FNDA:2,(anonymous_26)
FNDA:0,(anonymous_27)
FNDA:2,(anonymous_28)
FNDA:59,(anonymous_29)
FNDA:16,(anonymous_30)
DA:98,1
DA:104,21
DA:105,21
DA:106,21
DA:108,21
DA:115,2
DA:116,0
DA:119,2
DA:122,2
DA:123,1
DA:129,2
DA:136,1
DA:145,2
DA:151,2
DA:152,1
DA:162,2
DA:172,2
DA:179,1
DA:185,1
DA:199,2
DA:204,2
DA:213,4
DA:218,9
DA:219,9
DA:220,3
DA:229,6
DA:234,19
DA:235,19
DA:236,4
DA:245,11
DA:247,11
DA:250,29
DA:251,29
DA:254,29
DA:256,16
DA:264,2
DA:269,2
DA:293,2
DA:294,2
DA:295,2
DA:297,2
DA:298,2
DA:300,2
DA:301,0
DA:302,0
DA:306,2
DA:307,2
DA:308,2
DA:311,2
DA:318,2
DA:319,1
DA:322,1
DA:330,1
DA:341,59
DA:343,59
DA:344,59
DA:345,0
DA:346,0
DA:349,59
DA:356,59
DA:357,19
DA:360,40
DA:361,12
DA:364,28
DA:374,16
DA:376,16
DA:377,16
DA:378,0
DA:379,0
DA:382,16
DA:389,16
LF:71
LH:64
BRDA:122,0,0,1
BRDA:151,1,0,1
BRDA:245,2,0,5
BRDA:245,2,1,6
BRDA:245,3,0,11
BRDA:245,3,1,11
BRDA:297,4,0,2
BRDA:300,5,0,0
BRDA:300,6,0,2
BRDA:300,6,1,2
BRDA:306,7,0,2
BRDA:318,8,0,1
BRDA:343,9,0,59
BRDA:343,9,1,0
BRDA:345,10,0,0
BRDA:356,11,0,19
BRDA:360,12,0,12
BRDA:376,13,0,16
BRDA:376,13,1,0
BRDA:378,14,0,0
BRDA:378,15,0,0
BRDA:378,15,1,0
BRF:22
BRH:15
end_of_record
TN:
SF:projects/shared/src/lib/core/component/state/actions/component.actions.ts
FN:48,(anonymous_0)
FN:55,(anonymous_1)
FN:66,(anonymous_2)
FN:73,(anonymous_3)
FN:84,(anonymous_4)
FN:91,(anonymous_5)
FN:102,(anonymous_6)
FN:109,(anonymous_7)
FN:120,(anonymous_8)
FN:127,(anonymous_9)
FN:138,(anonymous_10)
FN:145,(anonymous_11)
FN:156,(anonymous_12)
FN:163,(anonymous_13)
FNF:14
FNH:14
FNDA:5,(anonymous_0)
FNDA:3,(anonymous_1)
FNDA:8,(anonymous_2)
FNDA:6,(anonymous_3)
FNDA:7,(anonymous_4)
FNDA:5,(anonymous_5)
FNDA:4,(anonymous_6)
FNDA:2,(anonymous_7)
FNDA:5,(anonymous_8)
FNDA:3,(anonymous_9)
FNDA:5,(anonymous_10)
FNDA:3,(anonymous_11)
FNDA:3,(anonymous_12)
FNDA:1,(anonymous_13)
DA:10,1
DA:15,1
DA:20,1
DA:25,1
DA:30,1
DA:35,1
DA:40,1
DA:49,5
DA:56,3
DA:67,8
DA:74,6
DA:85,7
DA:92,5
DA:103,4
DA:110,2
DA:121,5
DA:128,3
DA:139,5
DA:146,3
DA:157,3
DA:164,1
LF:21
LH:21
BRF:0
BRH:0
end_of_record
TN:
SF:projects/shared/src/lib/core/component/state/operators/component-rx.operators.ts
FN:20,(anonymous_0)
FN:21,(anonymous_1)
FN:24,(anonymous_2)
FN:34,(anonymous_3)
FN:35,(anonymous_4)
FN:38,(anonymous_5)
FN:40,(anonymous_6)
FN:53,(anonymous_7)
FN:54,(anonymous_8)
FN:56,(anonymous_9)
FN:71,(anonymous_10)
FN:73,(anonymous_11)
FN:75,(anonymous_12)
FN:89,(anonymous_13)
FNF:14
FNH:14
FNDA:1,(anonymous_0)
FNDA:1,(anonymous_1)
FNDA:2,(anonymous_2)
FNDA:1,(anonymous_3)
FNDA:1,(anonymous_4)
FNDA:2,(anonymous_5)
FNDA:2,(anonymous_6)
FNDA:1,(anonymous_7)
FNDA:1,(anonymous_8)
FNDA:1,(anonymous_9)
FNDA:2,(anonymous_10)
FNDA:4,(anonymous_11)
FNDA:4,(anonymous_12)
FNDA:4,(anonymous_13)
DA:20,1
DA:21,1
DA:22,1
DA:24,2
DA:34,1
DA:35,1
DA:36,1
DA:39,2
DA:40,2
DA:53,1
DA:54,1
DA:55,1
DA:56,1
DA:71,1
DA:72,2
DA:74,4
DA:75,4
DA:89,1
DA:90,4
LF:19
LH:19
BRF:0
BRH:0
end_of_record
TN:
SF:projects/shared/src/lib/core/component/state/reducers/component.reducer.ts
FN:37,componentReducer
FN:136,(anonymous_1)
FNF:2
FNH:2
FNDA:11,componentReducer
FNDA:5,(anonymous_1)
DA:30,1
DA:45,11
DA:47,11
DA:49,1
DA:51,1
DA:56,1
DA:59,2
DA:60,2
DA:63,2
DA:65,2
DA:73,2
DA:76,3
DA:77,3
DA:80,3
DA:82,3
DA:91,3
DA:93,2
DA:94,2
DA:97,2
DA:99,2
DA:106,2
DA:108,1
DA:109,1
DA:113,1
DA:120,1
DA:122,1
DA:124,1
DA:125,0
DA:128,1
DA:130,1
DA:132,1
DA:136,1
DA:141,5
DA:142,2
DA:145,3
DA:146,3
DA:149,0
LF:37
LH:35
BRDA:38,0,0,0
BRDA:39,1,0,0
BRDA:47,2,0,1
BRDA:47,2,1,1
BRDA:47,2,2,2
BRDA:47,2,3,2
BRDA:47,2,4,3
BRDA:47,2,5,2
BRDA:47,2,6,1
BRDA:47,2,7,1
BRDA:47,2,8,1
BRDA:68,3,0,1
BRDA:68,3,1,1
BRDA:85,4,0,1
BRDA:85,4,1,2
BRDA:124,5,0,0
BRDA:141,6,0,2
BRDA:145,7,0,3
BRF:18
BRH:15
end_of_record
TN:
SF:projects/shared/src/lib/core/navigation/services/navigation.service.ts
FN:32,(anonymous_0)
FN:41,(anonymous_1)
FN:52,(anonymous_2)
FN:57,(anonymous_3)
FN:68,(anonymous_4)
FN:69,(anonymous_5)
FN:99,(anonymous_6)
FN:119,(anonymous_7)
FN:139,(anonymous_8)
FN:159,(anonymous_9)
FN:169,(anonymous_10)
FN:170,(anonymous_11)
FN:186,(anonymous_12)
FN:190,(anonymous_13)
FN:197,(anonymous_14)
FN:198,(anonymous_15)
FN:205,(anonymous_16)
FN:232,(anonymous_17)
FN:236,(anonymous_18)
FN:264,(anonymous_19)
FN:294,(anonymous_20)
FN:316,(anonymous_21)
FNF:22
FNH:21
FNDA:14,(anonymous_0)
FNDA:2,(anonymous_1)
FNDA:6,(anonymous_2)
FNDA:2,(anonymous_3)
FNDA:12,(anonymous_4)
FNDA:8,(anonymous_5)
FNDA:3,(anonymous_6)
FNDA:2,(anonymous_7)
FNDA:0,(anonymous_8)
FNDA:5,(anonymous_9)
FNDA:5,(anonymous_10)
FNDA:4,(anonymous_11)
FNDA:1,(anonymous_12)
FNDA:5,(anonymous_13)
FNDA:4,(anonymous_14)
FNDA:1,(anonymous_15)
FNDA:5,(anonymous_16)
FNDA:5,(anonymous_17)
FNDA:5,(anonymous_18)
FNDA:3,(anonymous_19)
FNDA:3,(anonymous_20)
FNDA:4,(anonymous_21)
DA:26,1
DA:32,14
DA:33,14
DA:34,14
DA:41,1
DA:42,2
DA:43,1
DA:46,1
DA:55,6
DA:56,1
DA:58,2
DA:62,5
DA:63,4
DA:64,0
DA:66,4
DA:68,12
DA:70,8
DA:76,1
DA:79,5
DA:101,3
DA:121,2
DA:141,0
DA:163,5
DA:167,5
DA:169,5
DA:171,4
DA:187,1
DA:195,5
DA:197,4
DA:199,1
DA:201,1
DA:210,5
DA:211,0
DA:212,0
DA:215,0
DA:226,5
DA:232,5
DA:237,5
DA:238,5
DA:241,5
DA:243,5
DA:244,3
DA:246,3
DA:247,2
DA:250,3
DA:251,2
DA:252,1
DA:254,1
DA:257,4
DA:268,3
DA:269,1
DA:270,1
DA:275,0
DA:276,0
DA:281,0
DA:284,2
DA:285,0
DA:290,2
DA:295,3
DA:296,3
DA:298,3
DA:299,1
DA:303,2
DA:304,0
DA:306,0
DA:307,0
DA:309,0
DA:324,4
DA:325,4
DA:327,0
DA:329,0
DA:332,4
DA:333,2
DA:335,2
DA:338,4
LF:75
LH:60
BRDA:42,0,0,1
BRDA:55,1,0,1
BRDA:55,1,1,5
BRDA:58,2,0,1
BRDA:58,2,1,1
BRDA:62,3,0,4
BRDA:62,3,1,1
BRDA:63,4,0,0
BRDA:63,4,1,4
BRDA:70,5,0,4
BRDA:70,5,1,4
BRDA:79,6,0,1
BRDA:79,6,1,4
BRDA:163,7,0,2
BRDA:163,7,1,3
BRDA:210,8,0,0
BRDA:211,9,0,0
BRDA:218,10,0,0
BRDA:218,10,1,0
BRDA:243,11,0,3
BRDA:243,11,1,2
BRDA:246,12,0,2
BRDA:251,13,0,1
BRDA:251,13,1,1
BRDA:268,14,0,1
BRDA:268,15,0,3
BRDA:268,15,1,3
BRDA:269,16,0,1
BRDA:269,17,0,1
BRDA:269,17,1,0
BRDA:270,18,0,0
BRDA:270,18,1,1
BRDA:275,19,0,0
BRDA:276,20,0,0
BRDA:276,20,1,0
BRDA:284,21,0,0
BRDA:285,22,0,0
BRDA:285,22,1,0
BRDA:295,23,0,3
BRDA:295,23,1,0
BRDA:298,24,0,1
BRDA:298,24,1,2
BRDA:301,25,0,1
BRDA:301,25,1,0
BRDA:301,26,0,1
BRDA:301,26,1,1
BRDA:303,27,0,0
BRDA:304,28,0,0
BRDA:304,28,1,0
BRDA:304,29,0,0
BRDA:304,29,1,0
BRDA:306,30,0,0
BRDA:306,30,1,0
BRDA:311,31,0,0
BRDA:311,31,1,0
BRDA:311,32,0,0
BRDA:311,32,1,0
BRDA:324,33,0,4
BRDA:324,33,1,0
BRDA:333,34,0,2
BRDA:333,34,1,0
BRDA:333,35,0,2
BRDA:333,35,1,2
BRF:63
BRH:35
end_of_record
TN:
SF:projects/shared/src/lib/core/ngrx/actions/base.actions.ts
FN:21,(anonymous_0)
FN:46,(anonymous_1)
FN:58,(anonymous_2)
FN:74,(anonymous_3)
FN:83,(anonymous_4)
FNF:5
FNH:5
FNDA:69,(anonymous_0)
FNDA:61,(anonymous_1)
FNDA:1,(anonymous_2)
FNDA:3,(anonymous_3)
FNDA:2,(anonymous_4)
DA:22,69
DA:49,61
DA:51,61
DA:52,61
DA:59,1
DA:77,3
DA:84,2
LF:7
LH:7
BRF:0
BRH:0
end_of_record
TN:
SF:projects/shared/src/lib/core/ngrx/config/ngrx-config.model.ts
FNF:0
FNH:0
DA:11,1
DA:25,1
LF:2
LH:2
BRF:0
BRH:0
end_of_record
TN:
SF:projects/shared/src/lib/core/ngrx/effects/root-effects.registry.ts
FNF:0
FNH:0
DA:13,1
LF:1
LH:1
BRF:0
BRH:0
end_of_record
TN:
SF:projects/shared/src/lib/core/ngrx/reducers/shared-root-reducers.registry.ts
FNF:0
FNH:0
DA:15,1
LF:1
LH:1
BRF:0
BRH:0
end_of_record
TN:
SF:projects/shared/src/lib/core/ngrx/state/store-state.model.ts
FNF:0
FNH:0
DA:9,1
DA:14,1
LF:2
LH:2
BRF:0
BRH:0
end_of_record
TN:
SF:projects/shared/src/lib/core/router/factory/route-state.factory.ts
FN:18,(anonymous_0)
FN:25,(anonymous_1)
FN:31,(anonymous_2)
FNF:3
FNH:3
FNDA:1,(anonymous_0)
FNDA:2,(anonymous_1)
FNDA:2,(anonymous_2)
DA:19,1
DA:26,2
DA:27,0
DA:30,2
DA:31,2
DA:32,2
DA:35,2
DA:36,2
DA:37,2
DA:38,2
DA:39,2
DA:43,2
DA:44,1
DA:47,2
LF:14
LH:13
BRDA:26,0,0,0
BRDA:39,1,0,0
BRDA:39,1,1,2
BRDA:39,2,0,2
BRDA:39,2,1,2
BRDA:43,3,0,1
BRF:6
BRH:4
end_of_record
TN:
SF:projects/shared/src/lib/core/router/integration/ngrx/router-serializer.service.ts
FN:23,(anonymous_0)
FN:30,(anonymous_1)
FNF:2
FNH:2
FNDA:2,(anonymous_0)
FNDA:1,(anonymous_1)
DA:17,1
DA:24,2
DA:31,1
DA:33,1
DA:34,2
DA:37,1
LF:6
LH:6
BRF:0
BRH:0
end_of_record
TN:
SF:projects/shared/src/lib/core/router/model/route.model.ts
FN:29,(anonymous_0)
FN:48,(anonymous_1)
FN:62,(anonymous_2)
FN:69,(anonymous_3)
FN:73,(anonymous_4)
FN:82,(anonymous_5)
FN:86,(anonymous_6)
FN:97,(anonymous_7)
FN:114,(anonymous_8)
FN:129,(anonymous_9)
FN:154,(anonymous_10)
FN:163,(anonymous_11)
FN:170,(anonymous_12)
FN:177,(anonymous_13)
FN:185,(anonymous_14)
FN:192,(anonymous_15)
FN:199,(anonymous_16)
FN:208,(anonymous_17)
FN:215,(anonymous_18)
FN:222,(anonymous_19)
FN:231,(anonymous_20)
FN:238,(anonymous_21)
FN:245,(anonymous_22)
FN:252,(anonymous_23)
FN:261,(anonymous_24)
FN:270,(anonymous_25)
FN:277,(anonymous_26)
FN:284,(anonymous_27)
FN:291,(anonymous_28)
FN:301,(anonymous_29)
FN:310,(anonymous_30)
FN:320,(anonymous_31)
FN:337,(anonymous_32)
FN:361,(anonymous_33)
FN:371,(anonymous_34)
FN:378,(anonymous_35)
FN:391,(anonymous_36)
FN:408,(anonymous_37)
FNF:38
FNH:35
FNDA:432,(anonymous_0)
FNDA:425,(anonymous_1)
FNDA:81,(anonymous_2)
FNDA:181,(anonymous_3)
FNDA:197,(anonymous_4)
FNDA:15,(anonymous_5)
FNDA:25,(anonymous_6)
FNDA:15,(anonymous_7)
FNDA:5,(anonymous_8)
FNDA:5,(anonymous_9)
FNDA:237,(anonymous_10)
FNDA:234,(anonymous_11)
FNDA:79,(anonymous_12)
FNDA:3,(anonymous_13)
FNDA:4,(anonymous_14)
FNDA:64,(anonymous_15)
FNDA:3,(anonymous_16)
FNDA:85,(anonymous_17)
FNDA:2,(anonymous_18)
FNDA:2,(anonymous_19)
FNDA:4,(anonymous_20)
FNDA:6,(anonymous_21)
FNDA:3,(anonymous_22)
FNDA:1,(anonymous_23)
FNDA:6,(anonymous_24)
FNDA:1,(anonymous_25)
FNDA:1,(anonymous_26)
FNDA:0,(anonymous_27)
FNDA:0,(anonymous_28)
FNDA:0,(anonymous_29)
FNDA:3,(anonymous_30)
FNDA:1,(anonymous_31)
FNDA:8,(anonymous_32)
FNDA:206,(anonymous_33)
FNDA:205,(anonymous_34)
FNDA:2,(anonymous_35)
FNDA:6,(anonymous_36)
FNDA:3,(anonymous_37)
DA:37,432
DA:38,432
DA:39,432
DA:40,432
DA:41,432
DA:42,432
DA:56,425
DA:63,81
DA:70,181
DA:71,94
DA:73,197
DA:76,87
DA:83,15
DA:84,10
DA:86,25
DA:89,5
DA:98,15
DA:99,5
DA:102,10
DA:103,7
DA:106,3
DA:115,5
DA:116,2
DA:119,3
DA:120,2
DA:123,1
DA:130,5
DA:131,2
DA:134,3
DA:135,2
DA:138,1
DA:156,237
DA:157,237
DA:164,234
DA:171,79
DA:178,3
DA:180,3
DA:181,1
DA:184,2
DA:185,4
DA:193,64
DA:200,3
DA:209,85
DA:216,2
DA:223,2
DA:232,4
DA:239,6
DA:246,3
DA:253,1
DA:262,6
DA:271,1
DA:278,1
DA:285,0
DA:292,0
DA:293,0
DA:295,0
DA:302,0
DA:311,3
DA:312,3
DA:314,3
DA:321,1
DA:338,8
DA:342,8
DA:343,0
DA:346,8
DA:363,206
DA:364,206
DA:365,206
DA:372,205
DA:379,2
DA:392,6
DA:396,6
DA:397,4
DA:400,2
DA:409,3
DA:410,3
DA:412,3
DA:413,2
DA:414,1
DA:417,2
DA:420,3
DA:421,3
LF:82
LH:76
BRDA:37,0,0,351
BRDA:37,0,1,81
BRDA:37,1,0,432
BRDA:37,1,1,351
BRDA:38,2,0,432
BRDA:38,2,1,170
BRDA:39,3,0,432
BRDA:39,3,1,264
BRDA:40,4,0,432
BRDA:40,4,1,334
BRDA:70,5,0,94
BRDA:83,6,0,10
BRDA:98,7,0,5
BRDA:102,8,0,7
BRDA:115,9,0,2
BRDA:119,10,0,2
BRDA:130,11,0,2
BRDA:134,12,0,2
BRDA:156,13,0,158
BRDA:156,13,1,79
BRDA:156,14,0,237
BRDA:156,14,1,158
BRDA:157,15,0,158
BRDA:157,15,1,79
BRDA:157,16,0,237
BRDA:157,16,1,158
BRDA:180,17,0,1
BRDA:342,18,0,0
BRDA:363,19,0,204
BRDA:363,19,1,2
BRDA:363,20,0,206
BRDA:363,20,1,204
BRDA:364,21,0,204
BRDA:364,21,1,2
BRDA:364,22,0,206
BRDA:364,22,1,204
BRDA:391,23,0,1
BRDA:392,24,0,5
BRDA:392,24,1,1
BRDA:396,25,0,4
BRDA:396,26,0,6
BRDA:396,26,1,5
BRDA:412,27,0,2
BRDA:413,28,0,1
BRF:44
BRH:43
end_of_record
TN:
SF:projects/shared/src/lib/core/router/services/router.service.ts
FN:29,(anonymous_0)
FN:36,(anonymous_1)
FN:61,(anonymous_2)
FN:68,(anonymous_3)
FN:75,(anonymous_4)
FN:77,(anonymous_5)
FN:84,(anonymous_6)
FN:89,(anonymous_7)
FNF:8
FNH:8
FNDA:1,(anonymous_0)
FNDA:1,(anonymous_1)
FNDA:9,(anonymous_2)
FNDA:6,(anonymous_3)
FNDA:2,(anonymous_4)
FNDA:1,(anonymous_5)
FNDA:2,(anonymous_6)
FNDA:2,(anonymous_7)
DA:23,1
DA:24,1
DA:30,1
DA:37,1
DA:60,1
DA:61,9
DA:62,9
DA:69,6
DA:76,2
DA:77,1
DA:85,2
DA:87,2
DA:90,2
LF:13
LH:13
BRF:0
BRH:0
end_of_record
TN:
SF:projects/shared/src/lib/core/router/state/actions/router.actions.ts
FN:47,(anonymous_0)
FN:54,(anonymous_1)
FN:72,(anonymous_2)
FN:79,(anonymous_3)
FN:90,(anonymous_4)
FN:97,(anonymous_5)
FN:108,(anonymous_6)
FN:115,(anonymous_7)
FNF:8
FNH:8
FNDA:4,(anonymous_0)
FNDA:1,(anonymous_1)
FNDA:4,(anonymous_2)
FNDA:1,(anonymous_3)
FNDA:4,(anonymous_4)
FNDA:1,(anonymous_5)
FNDA:4,(anonymous_6)
FNDA:1,(anonymous_7)
DA:12,1
DA:19,1
DA:26,1
DA:33,1
DA:48,4
DA:55,1
DA:73,4
DA:80,1
DA:91,4
DA:98,1
DA:109,4
DA:116,1
LF:12
LH:12
BRF:0
BRH:0
end_of_record
TN:
SF:projects/shared/src/lib/core/router/state/effects/router.effects.ts
FN:73,(anonymous_0)
FN:25,(anonymous_1)
FN:27,(anonymous_2)
FN:28,(anonymous_3)
FN:29,(anonymous_4)
FN:38,(anonymous_5)
FN:40,(anonymous_6)
FN:41,(anonymous_7)
FN:50,(anonymous_8)
FN:52,(anonymous_9)
FN:53,(anonymous_10)
FN:62,(anonymous_11)
FN:64,(anonymous_12)
FN:65,(anonymous_13)
FN:78,(anonymous_14)
FN:84,(anonymous_15)
FN:90,(anonymous_16)
FNF:17
FNH:17
FNDA:8,(anonymous_0)
FNDA:8,(anonymous_1)
FNDA:1,(anonymous_2)
FNDA:1,(anonymous_3)
FNDA:1,(anonymous_4)
FNDA:8,(anonymous_5)
FNDA:1,(anonymous_6)
FNDA:1,(anonymous_7)
FNDA:8,(anonymous_8)
FNDA:1,(anonymous_9)
FNDA:1,(anonymous_10)
FNDA:8,(anonymous_11)
FNDA:1,(anonymous_12)
FNDA:1,(anonymous_13)
FNDA:4,(anonymous_14)
FNDA:1,(anonymous_15)
FNDA:1,(anonymous_16)
DA:20,1
DA:24,8
DA:25,8
DA:27,1
DA:28,1
DA:29,1
DA:37,8
DA:38,8
DA:40,1
DA:41,1
DA:49,8
DA:50,8
DA:52,1
DA:53,1
DA:61,8
DA:62,8
DA:64,1
DA:65,1
DA:73,8
DA:74,8
DA:75,8
DA:79,4
DA:81,4
DA:85,1
DA:88,1
LF:25
LH:25
BRDA:85,0,0,1
BRDA:85,0,1,0
BRDA:85,1,0,1
BRDA:85,1,1,1
BRF:4
BRH:3
end_of_record
TN:
SF:projects/shared/src/lib/core/router/state/reducers/router.reducer.ts
FN:25,routerReducer
FNF:1
FNH:1
FNDA:1,routerReducer
DA:29,1
DA:31,1
DA:35,1
DA:36,1
DA:38,1
DA:40,0
LF:6
LH:5
BRDA:26,0,0,0
BRDA:27,1,0,0
BRDA:31,2,0,1
BRDA:31,2,1,1
BRDA:31,2,2,1
BRDA:31,2,3,0
BRF:6
BRH:3
end_of_record
TN:
SF:projects/shared/src/lib/core/system-events/decorator/event-handler-class.decorator.ts
FN:47,SystemEventHandlerClass
FN:49,(anonymous_1)
FN:58,(anonymous_2)
FN:61,(anonymous_3)
FN:73,(anonymous_4)
FN:74,(anonymous_5)
FN:86,(anonymous_6)
FN:96,(anonymous_7)
FN:108,(anonymous_8)
FN:113,(anonymous_9)
FNF:10
FNH:8
FNDA:1,SystemEventHandlerClass
FNDA:1,(anonymous_1)
FNDA:14,(anonymous_2)
FNDA:14,(anonymous_3)
FNDA:0,(anonymous_4)
FNDA:0,(anonymous_5)
FNDA:1,(anonymous_6)
FNDA:2,(anonymous_7)
FNDA:1,(anonymous_8)
FNDA:4,(anonymous_9)
DA:49,1
DA:52,1
DA:53,1
DA:54,1
DA:58,1
DA:59,14
DA:61,14
DA:62,14
DA:70,14
DA:73,1
DA:74,0
DA:75,0
DA:80,0
DA:81,0
DA:86,1
DA:87,1
DA:90,1
DA:92,1
DA:96,1
DA:97,2
DA:98,1
DA:101,1
DA:102,0
DA:105,1
DA:108,1
DA:113,1
DA:114,4
DA:115,4
DA:116,2
DA:119,2
DA:122,1
DA:123,1
LF:32
LH:27
BRDA:53,0,0,1
BRDA:53,0,1,0
BRDA:53,1,0,1
BRDA:53,1,1,1
BRDA:80,2,0,0
BRDA:97,3,0,1
BRDA:97,4,0,2
BRDA:97,4,1,2
BRDA:101,5,0,0
BRDA:115,6,0,2
BRDA:115,7,0,4
BRDA:115,7,1,3
BRF:12
BRH:9
end_of_record
TN:
SF:projects/shared/src/lib/core/system-events/decorator/event-handler.decorator.ts
FN:101,SystemEventHandler
FN:103,(anonymous_1)
FNF:2
FNH:2
FNDA:4,SystemEventHandler
FNDA:4,(anonymous_1)
DA:103,4
DA:104,4
DA:105,0
DA:108,4
DA:110,4
DA:112,1
DA:113,1
DA:119,1
DA:121,1
DA:124,3
DA:130,3
LF:11
LH:10
BRDA:104,0,0,0
BRDA:104,1,0,4
BRDA:104,1,1,4
BRDA:110,2,0,1
BRF:4
BRH:3
end_of_record
TN:
SF:projects/shared/src/lib/core/system-events/decorator/models/event-decorator-helper.ts
FNF:0
FNH:0
DA:8,1
LF:1
LH:1
BRF:0
BRH:0
end_of_record
TN:
SF:projects/shared/src/lib/core/system-events/dispatcher/event.dispatcher.ts
FN:52,(anonymous_0)
FN:64,(anonymous_1)
FN:70,(anonymous_2)
FN:92,(anonymous_3)
FN:106,(anonymous_4)
FN:129,(anonymous_5)
FN:131,(anonymous_6)
FN:137,(anonymous_7)
FNF:8
FNH:7
FNDA:2,(anonymous_0)
FNDA:3,(anonymous_1)
FNDA:3,(anonymous_2)
FNDA:2,(anonymous_3)
FNDA:5,(anonymous_4)
FNDA:3,(anonymous_5)
FNDA:0,(anonymous_6)
FNDA:6,(anonymous_7)
DA:53,2
DA:55,2
DA:57,2
DA:58,3
DA:59,0
DA:62,3
DA:64,3
DA:70,3
DA:71,3
DA:72,0
DA:75,3
DA:78,3
DA:79,1
DA:93,2
DA:95,2
DA:112,5
DA:113,1
DA:116,4
DA:117,1
DA:120,3
DA:122,3
DA:123,0
DA:127,3
DA:129,3
DA:131,0
DA:141,6
DA:143,6
DA:144,6
DA:147,0
LF:29
LH:24
BRDA:52,0,0,1
BRDA:58,1,0,0
BRDA:71,2,0,0
BRDA:71,3,0,3
BRDA:71,3,1,0
BRDA:78,4,0,1
BRDA:78,5,0,3
BRDA:78,5,1,1
BRDA:92,6,0,1
BRDA:109,7,0,0
BRDA:110,8,0,2
BRDA:112,9,0,1
BRDA:116,10,0,1
BRDA:116,11,0,4
BRDA:116,11,1,2
BRDA:122,12,0,0
BRDA:143,13,0,6
BRF:17
BRH:12
end_of_record
TN:
SF:projects/shared/src/lib/core/system-events/dispatcher/registry/event-handler.registry.ts
FN:38,(anonymous_0)
FN:21,(anonymous_1)
FN:45,(anonymous_2)
FN:64,(anonymous_3)
FN:73,(anonymous_4)
FN:84,(anonymous_5)
FN:90,(anonymous_6)
FN:105,(anonymous_7)
FN:114,(anonymous_8)
FN:122,(anonymous_9)
FN:141,(anonymous_10)
FN:156,(anonymous_11)
FN:169,(anonymous_12)
FN:187,(anonymous_13)
FN:209,(anonymous_14)
FN:228,(anonymous_15)
FN:246,(anonymous_16)
FNF:17
FNH:17
FNDA:1,(anonymous_0)
FNDA:39,(anonymous_1)
FNDA:24,(anonymous_2)
FNDA:2,(anonymous_3)
FNDA:1,(anonymous_4)
FNDA:3,(anonymous_5)
FNDA:24,(anonymous_6)
FNDA:2,(anonymous_7)
FNDA:26,(anonymous_8)
FNDA:99,(anonymous_9)
FNDA:3,(anonymous_10)
FNDA:26,(anonymous_11)
FNDA:26,(anonymous_12)
FNDA:24,(anonymous_13)
FNDA:2,(anonymous_14)
FNDA:26,(anonymous_15)
FNDA:3,(anonymous_16)
DA:22,39
DA:23,1
DA:26,39
DA:31,1
DA:49,24
DA:65,2
DA:76,1
DA:85,3
DA:95,24
DA:106,2
DA:118,26
DA:122,26
DA:123,99
DA:125,99
DA:126,98
DA:129,99
DA:132,26
DA:142,3
DA:144,3
DA:145,1
DA:148,2
DA:162,26
DA:164,26
DA:165,0
DA:168,26
DA:169,26
DA:170,26
DA:178,26
DA:180,0
DA:192,24
DA:193,7
DA:196,24
DA:197,0
DA:201,24
DA:203,24
DA:210,2
DA:211,1
DA:214,1
DA:216,1
DA:217,0
DA:220,1
DA:222,1
DA:229,26
DA:230,0
DA:235,26
DA:247,3
DA:248,3
DA:251,0
LF:48
LH:42
BRDA:22,0,0,1
BRDA:48,1,0,24
BRDA:84,2,0,2
BRDA:93,3,0,0
BRDA:118,4,0,26
BRDA:118,4,1,0
BRDA:125,5,0,98
BRDA:126,6,0,98
BRDA:126,6,1,92
BRDA:135,7,0,2
BRDA:135,7,1,24
BRDA:141,8,0,0
BRDA:144,9,0,1
BRDA:148,10,0,1
BRDA:148,10,1,1
BRDA:164,11,0,0
BRDA:164,12,0,26
BRDA:164,12,1,26
BRDA:192,13,0,7
BRDA:196,14,0,0
BRDA:210,15,0,1
BRDA:216,16,0,0
BRDA:229,17,0,0
BRDA:229,18,0,26
BRDA:229,18,1,0
BRDA:237,19,0,26
BRDA:237,19,1,0
BRDA:247,20,0,3
BRF:28
BRH:19
end_of_record
TN:
SF:projects/shared/src/lib/core/system-events/event/models/event-filter.expression.ts
FN:19,(anonymous_0)
FN:26,(anonymous_1)
FN:33,(anonymous_2)
FN:40,(anonymous_3)
FN:47,(anonymous_4)
FN:49,(anonymous_5)
FNF:6
FNH:6
FNDA:10,(anonymous_0)
FNDA:7,(anonymous_1)
FNDA:2,(anonymous_2)
FNDA:2,(anonymous_3)
FNDA:2,(anonymous_4)
FNDA:5,(anonymous_5)
DA:20,10
DA:27,7
DA:34,2
DA:41,2
DA:48,2
DA:49,5
LF:6
LH:6
BRDA:20,0,0,10
BRDA:20,0,1,0
BRDA:20,1,0,10
BRDA:20,1,1,10
BRF:4
BRH:3
end_of_record
TN:
SF:projects/shared/src/lib/core/system-events/event/models/event.codes.ts
FNF:0
FNH:0
DA:11,1
DA:23,1
LF:2
LH:2
BRF:0
BRH:0
end_of_record
TN:
SF:projects/shared/src/lib/core/system-events/event/models/event.comparable.ts
FN:18,(anonymous_0)
FN:25,(anonymous_1)
FN:32,(anonymous_2)
FN:34,(anonymous_3)
FNF:4
FNH:4
FNDA:19,(anonymous_0)
FNDA:17,(anonymous_1)
FNDA:4,(anonymous_2)
FNDA:2,(anonymous_3)
DA:19,19
DA:26,17
DA:33,4
DA:34,3
DA:38,3
DA:42,1
LF:6
LH:6
BRDA:33,0,0,3
BRDA:33,0,1,1
BRDA:34,1,0,0
BRDA:34,1,1,2
BRDA:38,2,0,1
BRDA:38,2,1,2
BRF:6
BRH:5
end_of_record
TN:
SF:projects/shared/src/lib/features/error-handler/service/error-handler.service.ts
FN:33,(anonymous_0)
FN:43,(anonymous_1)
FN:48,(anonymous_2)
FN:59,(anonymous_3)
FN:85,(anonymous_4)
FN:127,(anonymous_5)
FN:138,(anonymous_6)
FN:155,(anonymous_7)
FNF:8
FNH:8
FNDA:19,(anonymous_0)
FNDA:1,(anonymous_1)
FNDA:1,(anonymous_2)
FNDA:17,(anonymous_3)
FNDA:13,(anonymous_4)
FNDA:4,(anonymous_5)
FNDA:7,(anonymous_6)
FNDA:17,(anonymous_7)
DA:29,1
DA:33,19
DA:43,19
DA:44,1
DA:46,1
DA:48,1
DA:60,17
DA:61,14
DA:62,1
DA:64,1
DA:66,1
DA:68,13
DA:70,13
DA:72,13
DA:75,3
DA:77,3
DA:79,3
DA:88,13
DA:89,13
DA:91,13
DA:92,1
DA:93,1
DA:95,12
DA:96,3
DA:99,3
DA:103,9
DA:104,6
DA:105,6
DA:106,6
DA:107,3
DA:108,1
DA:109,1
DA:110,2
DA:111,1
DA:112,1
DA:114,1
DA:115,1
DA:118,13
DA:128,4
DA:139,7
DA:141,1
DA:143,1
DA:145,1
DA:147,1
DA:149,1
DA:151,2
DA:162,17
DA:170,17
DA:171,1
DA:181,17
LF:50
LH:50
BRDA:60,0,0,14
BRDA:60,0,1,3
BRDA:61,1,0,1
BRDA:61,1,1,13
BRDA:70,2,0,6
BRDA:70,2,1,7
BRDA:70,3,0,13
BRDA:70,3,1,6
BRDA:91,4,0,1
BRDA:91,4,1,12
BRDA:95,5,0,3
BRDA:95,5,1,9
BRDA:96,6,0,1
BRDA:96,6,1,2
BRDA:96,7,0,1
BRDA:96,7,1,2
BRDA:96,8,0,3
BRDA:96,8,1,2
BRDA:99,9,0,1
BRDA:99,9,1,2
BRDA:99,10,0,1
BRDA:99,10,1,2
BRDA:99,11,0,3
BRDA:99,11,1,2
BRDA:103,12,0,6
BRDA:103,12,1,3
BRDA:107,13,0,1
BRDA:107,13,1,2
BRDA:107,14,0,3
BRDA:107,14,1,3
BRDA:107,14,2,1
BRDA:110,15,0,1
BRDA:110,15,1,1
BRDA:129,16,0,1
BRDA:129,16,1,3
BRDA:129,17,0,4
BRDA:129,17,1,3
BRDA:139,18,0,1
BRDA:139,18,1,1
BRDA:139,18,2,1
BRDA:139,18,3,1
BRDA:139,18,4,1
BRDA:139,18,5,2
BRDA:159,19,0,4
BRDA:160,20,0,16
BRDA:170,21,0,1
BRF:46
BRH:46
end_of_record
TN:
SF:projects/shared/src/lib/features/toasts/service/toast.service.ts
FN:15,(anonymous_1)
FN:22,(anonymous_2)
FNF:2
FNH:2
FNDA:2,(anonymous_1)
FNDA:1,(anonymous_2)
DA:8,1
DA:9,4
DA:10,4
DA:16,2
DA:23,1
LF:5
LH:5
BRF:0
BRH:0
end_of_record
TN:
SF:projects/shared/src/lib/utils/collections/collections-util.ts
FN:18,(anonymous_0)
FN:25,(anonymous_1)
FN:32,(anonymous_2)
FN:42,(anonymous_3)
FN:49,(anonymous_4)
FN:56,(anonymous_5)
FN:63,(anonymous_6)
FN:72,(anonymous_7)
FN:82,(anonymous_8)
FN:89,(anonymous_9)
FN:98,(anonymous_10)
FN:106,(anonymous_11)
FN:113,(anonymous_12)
FN:120,(anonymous_13)
FN:127,(anonymous_14)
FN:134,(anonymous_15)
FN:141,(anonymous_16)
FN:148,(anonymous_17)
FN:155,(anonymous_18)
FN:166,(anonymous_19)
FN:175,(anonymous_20)
FN:184,(anonymous_21)
FN:197,(anonymous_22)
FN:204,(anonymous_23)
FN:211,(anonymous_24)
FN:218,(anonymous_25)
FN:225,(anonymous_26)
FN:241,(anonymous_27)
FN:273,(anonymous_28)
FN:280,(anonymous_29)
FN:283,(anonymous_30)
FN:293,(anonymous_31)
FN:296,(anonymous_32)
FN:304,(anonymous_33)
FN:307,(anonymous_34)
FN:319,(anonymous_35)
FN:330,(anonymous_36)
FN:345,(anonymous_37)
FN:357,(anonymous_38)
FN:369,(anonymous_39)
FN:370,(anonymous_40)
FN:417,(anonymous_41)
FN:420,(anonymous_42)
FNF:43
FNH:43
FNDA:648,(anonymous_0)
FNDA:1393,(anonymous_1)
FNDA:172,(anonymous_2)
FNDA:470,(anonymous_3)
FNDA:43,(anonymous_4)
FNDA:212,(anonymous_5)
FNDA:44,(anonymous_6)
FNDA:23,(anonymous_7)
FNDA:11,(anonymous_8)
FNDA:19,(anonymous_9)
FNDA:12,(anonymous_10)
FNDA:789,(anonymous_11)
FNDA:807,(anonymous_12)
FNDA:1193,(anonymous_13)
FNDA:265,(anonymous_14)
FNDA:778,(anonymous_15)
FNDA:737,(anonymous_16)
FNDA:736,(anonymous_17)
FNDA:14,(anonymous_18)
FNDA:29,(anonymous_19)
FNDA:12,(anonymous_20)
FNDA:764,(anonymous_21)
FNDA:753,(anonymous_22)
FNDA:14,(anonymous_23)
FNDA:3,(anonymous_24)
FNDA:19,(anonymous_25)
FNDA:438,(anonymous_26)
FNDA:707,(anonymous_27)
FNDA:16,(anonymous_28)
FNDA:4,(anonymous_29)
FNDA:13,(anonymous_30)
FNDA:617,(anonymous_31)
FNDA:51,(anonymous_32)
FNDA:121,(anonymous_33)
FNDA:11,(anonymous_34)
FNDA:2,(anonymous_35)
FNDA:8,(anonymous_36)
FNDA:2,(anonymous_37)
FNDA:4,(anonymous_38)
FNDA:12,(anonymous_39)
FNDA:10,(anonymous_40)
FNDA:2,(anonymous_41)
FNDA:5,(anonymous_42)
DA:19,648
DA:26,1393
DA:33,172
DA:43,470
DA:50,43
DA:57,212
DA:64,44
DA:73,23
DA:83,11
DA:90,19
DA:99,12
DA:107,789
DA:114,807
DA:121,1193
DA:128,265
DA:135,778
DA:142,737
DA:149,736
DA:156,14
DA:169,29
DA:176,12
DA:185,764
DA:198,753
DA:205,14
DA:212,3
DA:219,19
DA:226,438
DA:245,707
DA:246,1
DA:249,706
DA:250,1
DA:251,1
DA:254,705
DA:255,2
DA:259,703
DA:260,703
DA:261,448
DA:262,448
DA:263,2
DA:267,703
DA:274,16
DA:281,4
DA:283,4
DA:284,13
DA:287,4
DA:294,617
DA:296,617
DA:298,617
DA:305,121
DA:307,121
DA:308,11
DA:311,121
DA:320,2
DA:321,1
DA:324,1
DA:331,8
DA:332,3
DA:335,5
DA:350,2
DA:351,1
DA:354,1
DA:355,1
DA:357,4
DA:360,1
DA:370,12
DA:371,10
DA:372,16
DA:374,16
DA:375,1
DA:376,0
DA:379,1
DA:382,15
DA:383,6
DA:387,4
DA:390,12
DA:418,2
DA:420,2
DA:421,5
DA:422,2
DA:424,3
DA:431,2
LF:81
LH:80
BRDA:33,0,0,172
BRDA:33,0,1,164
BRDA:43,1,0,470
BRDA:43,1,1,440
BRDA:73,2,0,23
BRDA:73,2,1,21
BRDA:73,2,2,19
BRDA:73,2,3,15
BRDA:99,3,0,12
BRDA:99,3,1,7
BRDA:128,4,0,265
BRDA:128,4,1,256
BRDA:156,5,0,14
BRDA:156,5,1,12
BRDA:156,5,2,11
BRDA:156,5,3,10
BRDA:156,5,4,9
BRDA:169,6,0,29
BRDA:169,6,1,17
BRDA:176,7,0,12
BRDA:176,7,1,2
BRDA:185,8,0,764
BRDA:185,8,1,733
BRDA:185,8,2,726
BRDA:185,8,3,726
BRDA:185,8,4,726
BRDA:198,9,0,753
BRDA:198,9,1,723
BRDA:205,10,0,14
BRDA:205,10,1,7
BRDA:243,11,0,706
BRDA:245,12,0,1
BRDA:249,13,0,1
BRDA:249,13,1,705
BRDA:250,14,0,1
BRDA:254,15,0,2
BRDA:262,16,0,2
BRDA:262,17,0,448
BRDA:262,17,1,447
BRDA:274,18,0,16
BRDA:274,18,1,7
BRDA:320,19,0,1
BRDA:331,20,0,3
BRDA:331,21,0,8
BRDA:331,21,1,3
BRDA:331,21,2,7
BRDA:350,22,0,1
BRDA:350,23,0,2
BRDA:350,23,1,1
BRDA:374,24,0,1
BRDA:375,25,0,0
BRDA:382,26,0,6
BRDA:382,27,0,15
BRDA:382,27,1,10
BRDA:382,27,2,1
BRDA:390,28,0,12
BRDA:390,28,1,12
BRDA:390,28,2,12
BRDA:390,28,3,11
BRDA:390,28,4,10
BRDA:421,29,0,2
BRDA:421,29,1,3
BRF:62
BRH:61
end_of_record
TN:
SF:projects/shared/src/lib/utils/url/url.util.ts
FN:6,(anonymous_0)
FN:18,(anonymous_1)
FNF:2
FNH:2
FNDA:5,(anonymous_0)
FNDA:2,(anonymous_1)
DA:1,1
DA:3,1
DA:7,5
DA:8,2
DA:11,3
DA:12,2
DA:15,1
DA:19,2
LF:8
LH:8
BRDA:7,0,0,2
BRDA:11,1,0,2
BRF:2
BRH:2
end_of_record
