TN:
SF:src/commandsAndMenu.tsx
FN:18,updateVDKMenu
FN:43,add_command
FN:48,(anonymous_2)
FNF:3
FNH:0
FNDA:0,updateVDKMenu
FNDA:0,add_command
FNDA:0,(anonymous_2)
DA:2,0
DA:3,0
DA:4,0
DA:5,0
DA:6,0
DA:7,0
DA:8,0
DA:9,0
DA:10,0
DA:11,0
DA:16,0
DA:18,0
DA:20,0
DA:23,0
DA:26,0
DA:29,0
DA:33,0
DA:45,0
DA:49,0
DA:50,0
DA:51,0
DA:52,0
DA:53,0
DA:54,0
DA:55,0
DA:56,0
DA:58,0
DA:59,0
DA:60,0
DA:62,0
DA:69,0
LF:31
LH:0
BRDA:50,0,0,0
BRDA:50,0,1,0
BRDA:54,1,0,0
BRDA:54,1,1,0
BRDA:55,2,0,0
BRDA:55,2,1,0
BRF:6
BRH:0
end_of_record
TN:
SF:src/handler.ts
FN:17,requestAPI
FNF:1
FNH:1
FNDA:5,requestAPI
DA:6,6
DA:8,6
DA:17,6
DA:22,5
DA:23,5
DA:30,5
DA:31,5
DA:33,1
DA:36,4
DA:38,4
DA:39,3
DA:40,3
DA:42,0
DA:46,4
DA:47,1
DA:50,3
LF:16
LH:15
BRDA:18,0,0,0
BRDA:19,1,0,5
BRDA:38,2,0,3
BRDA:46,3,0,1
BRF:4
BRH:3
end_of_record
TN:
SF:src/index.ts
FN:42,(anonymous_0)
FN:52,(anonymous_1)
FN:73,(anonymous_2)
FNF:3
FNH:0
FNDA:0,(anonymous_0)
FNDA:0,(anonymous_1)
FNDA:0,(anonymous_2)
DA:11,0
DA:12,0
DA:14,0
DA:16,0
DA:17,0
DA:18,0
DA:19,0
DA:20,0
DA:21,0
DA:27,0
DA:32,0
DA:50,0
DA:52,0
DA:53,0
DA:54,0
DA:58,0
DA:62,0
DA:64,0
DA:66,0
DA:67,0
DA:71,0
DA:73,0
DA:77,0
LF:23
LH:0
BRDA:53,0,0,0
BRDA:53,0,1,0
BRF:2
BRH:0
end_of_record
TN:
SF:src/initVDKConfigCell.ts
FN:11,initVDKConfigCell
FNF:1
FNH:0
FNDA:0,initVDKConfigCell
DA:11,0
DA:12,0
DA:13,0
DA:14,0
DA:38,0
DA:39,0
DA:41,0
DA:42,0
DA:43,0
LF:9
LH:0
BRDA:13,0,0,0
BRDA:14,1,0,0
BRDA:14,1,1,0
BRDA:14,2,0,0
BRDA:14,2,1,0
BRDA:14,3,0,0
BRDA:14,3,1,0
BRDA:14,4,0,0
BRDA:14,4,1,0
BRDA:38,5,0,0
BRDA:38,5,1,0
BRDA:38,6,0,0
BRDA:38,6,1,0
BRDA:38,7,0,0
BRDA:38,7,1,0
BRDA:38,8,0,0
BRDA:38,8,1,0
BRDA:39,9,0,0
BRDA:39,9,1,0
BRDA:39,10,0,0
BRDA:39,10,1,0
BRDA:41,11,0,0
BRDA:41,12,0,0
BRDA:41,12,1,0
BRDA:41,12,2,0
BRDA:41,12,3,0
BRF:26
BRH:0
end_of_record
TN:
SF:src/jobData.ts
FN:25,setJobDataToDefault
FN:40,getJobDataJsonObject
FN:57,checkIfVdkOptionDataIsDefined
FNF:3
FNH:3
FNDA:9,setJobDataToDefault
FNDA:9,getJobDataJsonObject
FNDA:7,checkIfVdkOptionDataIsDefined
DA:11,8
DA:12,8
DA:20,8
DA:25,8
DA:26,9
DA:27,63
DA:34,8
DA:40,8
DA:41,9
DA:50,9
DA:57,8
DA:60,7
DA:62,0
DA:67,0
LF:14
LH:12
BRDA:60,0,0,7
BRDA:60,0,1,0
BRF:2
BRH:1
end_of_record
TN:
SF:src/serverRequests.ts
FN:15,(anonymous_0)
FN:44,jobRunRequest
FN:68,jobRequest
FN:108,jobConvertToNotebookRequest
FN:138,jobdDataRequest
FN:159,getNotebookInfo
FN:199,getVdkCellIndices
FN:217,getServerDirRequest
FNF:8
FNH:5
FNDA:0,(anonymous_0)
FNDA:2,jobRunRequest
FNDA:2,jobRequest
FNDA:0,jobConvertToNotebookRequest
FNDA:2,jobdDataRequest
FNDA:1,getNotebookInfo
FNDA:2,getVdkCellIndices
FNDA:0,getServerDirRequest
DA:6,6
DA:7,6
DA:8,6
DA:13,6
DA:15,6
DA:16,0
DA:44,6
DA:48,2
DA:49,2
DA:50,2
DA:54,2
DA:56,0
DA:57,0
DA:60,0
DA:68,6
DA:69,2
DA:73,2
DA:74,2
DA:78,2
DA:80,0
DA:89,0
DA:108,6
DA:112,0
DA:113,0
DA:114,0
DA:121,0
DA:123,0
DA:124,0
DA:127,0
DA:138,6
DA:139,2
DA:140,2
DA:144,2
DA:145,2
DA:146,2
DA:147,2
DA:150,0
DA:159,6
DA:167,1
DA:171,1
DA:172,1
DA:173,1
DA:177,1
DA:182,0
DA:188,0
DA:199,6
DA:202,2
DA:203,2
DA:206,2
DA:210,2
DA:212,0
DA:214,0
DA:217,6
DA:218,0
DA:221,0
DA:222,0
DA:224,0
DA:229,0
LF:58
LH:35
BRDA:48,0,0,2
BRDA:48,0,1,0
BRDA:69,1,0,2
BRDA:70,2,0,2
BRDA:70,2,1,2
BRDA:78,3,0,2
BRDA:78,3,1,0
BRDA:112,4,0,0
BRDA:112,4,1,0
BRDA:144,5,0,2
BRDA:171,6,0,1
BRDA:171,6,1,0
BRDA:221,7,0,0
BRDA:221,7,1,0
BRF:14
BRH:7
end_of_record
TN:
SF:src/utils.ts
FNF:0
FNH:0
DA:5,6
DA:6,6
DA:7,6
DA:8,6
DA:9,6
DA:10,6
DA:11,6
LF:7
LH:7
BRF:0
BRH:0
end_of_record
TN:
SF:src/vdkTags.ts
FN:10,(anonymous_0)
FN:19,(anonymous_1)
FN:32,(anonymous_2)
FN:42,(anonymous_3)
FN:50,(anonymous_4)
FN:58,(anonymous_5)
FN:88,(anonymous_6)
FN:92,(anonymous_7)
FNF:8
FNH:5
FNDA:4,(anonymous_0)
FNDA:3,(anonymous_1)
FNDA:2,(anonymous_2)
FNDA:4,(anonymous_3)
FNDA:0,(anonymous_4)
FNDA:4,(anonymous_5)
FNDA:0,(anonymous_6)
FNDA:0,(anonymous_7)
DA:8,1
DA:10,1
DA:11,4
DA:12,4
DA:13,4
DA:16,4
DA:19,1
DA:20,3
DA:21,3
DA:25,3
DA:26,3
DA:28,3
DA:29,3
DA:32,1
DA:39,2
DA:42,2
DA:43,4
DA:47,2
DA:50,2
DA:51,0
DA:55,2
DA:58,2
DA:59,4
DA:62,2
DA:63,2
DA:64,6
DA:65,2
DA:69,0
DA:70,0
DA:72,2
DA:73,2
DA:76,2
DA:77,2
DA:80,2
DA:82,4
DA:83,4
DA:88,1
DA:92,0
DA:93,0
DA:99,0
DA:100,0
DA:101,0
DA:106,0
DA:109,0
DA:110,0
DA:111,0
DA:114,0
DA:115,0
DA:119,0
DA:125,0
DA:135,0
DA:136,0
LF:52
LH:34
BRDA:13,0,0,1
BRDA:13,0,1,3
BRDA:64,1,0,2
BRDA:64,1,1,4
BRDA:65,2,0,0
BRDA:65,2,1,2
BRDA:66,3,0,2
BRDA:66,3,1,0
BRDA:76,4,0,2
BRDA:76,5,0,2
BRDA:76,5,1,2
BRDA:93,6,0,0
BRDA:94,7,0,0
BRDA:94,7,1,0
BRDA:94,7,2,0
BRDA:102,8,0,0
BRDA:102,8,1,0
BRDA:102,8,2,0
BRDA:109,9,0,0
BRDA:109,10,0,0
BRDA:109,10,1,0
BRDA:114,11,0,0
BRDA:119,12,0,0
BRDA:120,13,0,0
BRDA:120,13,1,0
BRDA:120,13,2,0
BRDA:120,13,3,0
BRF:27
BRH:9
end_of_record
TN:
SF:src/components/ConvertJobToNotebook.tsx
FN:29,(anonymous_7)
FN:37,(anonymous_8)
FN:50,showConvertJobToNotebookDialog
FN:124,(anonymous_10)
FN:153,(anonymous_11)
FN:182,(anonymous_12)
FN:191,(anonymous_13)
FN:202,(anonymous_14)
FNF:8
FNH:3
FNDA:2,(anonymous_7)
FNDA:2,(anonymous_8)
FNDA:0,showConvertJobToNotebookDialog
FNDA:0,(anonymous_10)
FNDA:4,(anonymous_11)
FNDA:0,(anonymous_12)
FNDA:0,(anonymous_13)
FNDA:0,(anonymous_14)
DA:1,1
DA:2,1
DA:3,1
DA:4,1
DA:5,1
DA:6,1
DA:7,1
DA:8,1
DA:22,1
DA:30,2
DA:38,2
DA:50,1
DA:52,0
DA:61,0
DA:62,0
DA:72,0
DA:73,0
DA:74,0
DA:75,0
DA:76,0
DA:77,0
DA:78,0
DA:91,0
DA:92,0
DA:93,0
DA:94,0
DA:124,1
DA:126,0
DA:127,0
DA:128,0
DA:130,0
DA:131,0
DA:134,0
DA:153,1
DA:154,4
DA:156,4
DA:157,5
DA:161,5
DA:165,5
DA:166,3
DA:172,4
DA:182,1
DA:183,0
DA:184,0
DA:185,0
DA:186,0
DA:188,0
DA:189,0
DA:191,0
DA:192,0
DA:199,0
DA:202,0
DA:203,0
DA:210,0
DA:212,0
DA:216,0
DA:220,0
DA:227,0
DA:248,0
DA:255,0
DA:274,0
DA:275,0
DA:276,0
DA:277,0
DA:278,0
DA:286,0
LF:66
LH:22
BRDA:61,0,0,0
BRDA:72,1,0,0
BRDA:74,2,0,0
BRDA:74,2,1,0
BRDA:91,3,0,0
BRDA:129,4,0,0
BRDA:129,4,1,0
BRDA:165,5,0,3
BRDA:184,6,0,0
BRDA:185,7,0,0
BRDA:185,7,1,0
BRDA:185,8,0,0
BRDA:185,8,1,0
BRDA:185,9,0,0
BRDA:185,9,1,0
BRDA:185,10,0,0
BRDA:185,10,1,0
BRDA:186,11,0,0
BRDA:186,11,1,0
BRDA:186,12,0,0
BRDA:186,12,1,0
BRDA:188,13,0,0
BRDA:188,14,0,0
BRDA:188,14,1,0
BRDA:188,14,2,0
BRDA:192,15,0,0
BRDA:192,15,1,0
BRDA:192,16,0,0
BRDA:192,16,1,0
BRDA:192,17,0,0
BRDA:192,17,1,0
BRDA:192,18,0,0
BRDA:192,18,1,0
BRDA:199,19,0,0
BRDA:203,20,0,0
BRDA:203,20,1,0
BRDA:203,21,0,0
BRDA:203,21,1,0
BRDA:203,22,0,0
BRDA:203,22,1,0
BRDA:203,23,0,0
BRDA:203,23,1,0
BRDA:210,24,0,0
BRDA:275,25,0,0
BRDA:275,25,1,0
BRDA:277,26,0,0
BRF:46
BRH:1
end_of_record
TN:
SF:src/components/CreateJob.tsx
FN:17,(anonymous_7)
FN:25,(anonymous_8)
FN:75,(anonymous_9)
FN:76,(anonymous_10)
FN:83,(anonymous_11)
FN:84,(anonymous_12)
FN:91,(anonymous_13)
FN:111,showCreateJobDialog
FNF:8
FNH:8
FNDA:8,(anonymous_7)
FNDA:8,(anonymous_8)
FNDA:8,(anonymous_9)
FNDA:1,(anonymous_10)
FNDA:8,(anonymous_11)
FNDA:1,(anonymous_12)
FNDA:2,(anonymous_13)
FNDA:2,showCreateJobDialog
DA:1,2
DA:2,2
DA:3,2
DA:4,2
DA:5,2
DA:6,2
DA:8,2
DA:10,2
DA:18,8
DA:26,8
DA:76,8
DA:77,1
DA:84,8
DA:85,1
DA:92,2
DA:93,2
DA:94,0
DA:95,0
DA:96,0
DA:98,0
DA:101,2
DA:102,2
DA:103,1
DA:105,1
DA:111,2
DA:112,2
DA:123,2
DA:124,2
LF:28
LH:24
BRDA:93,0,0,0
BRDA:93,0,1,2
BRDA:93,1,0,0
BRDA:93,1,1,2
BRDA:93,2,0,2
BRDA:93,2,1,2
BRDA:95,3,0,0
BRDA:95,3,1,0
BRDA:101,4,0,0
BRDA:101,4,1,2
BRDA:101,5,0,2
BRDA:101,5,1,2
BRDA:102,6,0,1
BRDA:102,6,1,1
BRDA:123,7,0,2
BRF:15
BRH:10
end_of_record
TN:
SF:src/components/DeployJob.tsx
FN:17,(anonymous_7)
FN:25,(anonymous_8)
FN:53,showCreateDeploymentDialog
FNF:3
FNH:3
FNDA:7,(anonymous_7)
FNDA:7,(anonymous_8)
FNDA:1,showCreateDeploymentDialog
DA:1,2
DA:2,2
DA:3,2
DA:4,2
DA:5,2
DA:6,2
DA:8,2
DA:10,2
DA:18,7
DA:26,7
DA:53,2
DA:54,1
DA:65,1
DA:66,1
DA:67,0
DA:68,0
DA:76,0
DA:77,0
DA:78,0
DA:79,0
DA:82,0
DA:85,0
DA:93,0
LF:23
LH:14
BRDA:65,0,0,1
BRDA:65,0,1,0
BRDA:66,1,0,0
BRDA:76,2,0,0
BRDA:78,3,0,0
BRDA:78,3,1,0
BRDA:79,4,0,0
BRF:7
BRH:1
end_of_record
TN:
SF:src/components/DownloadJob.tsx
FN:17,(anonymous_7)
FN:25,(anonymous_8)
FN:48,showDownloadJobDialog
FNF:3
FNH:3
FNDA:6,(anonymous_7)
FNDA:6,(anonymous_8)
FNDA:2,showDownloadJobDialog
DA:1,2
DA:2,2
DA:3,2
DA:4,2
DA:5,2
DA:7,2
DA:8,2
DA:10,2
DA:18,6
DA:26,6
DA:48,2
DA:49,2
DA:58,2
DA:59,2
LF:14
LH:14
BRDA:58,0,0,2
BRF:1
BRH:1
end_of_record
TN:
SF:src/components/RunJob.tsx
FN:20,(anonymous_7)
FN:57,(anonymous_8)
FN:65,(anonymous_9)
FN:28,(anonymous_10)
FN:75,showRunJobDialog
FN:120,(anonymous_12)
FN:132,(anonymous_13)
FN:153,(anonymous_14)
FN:162,(anonymous_15)
FN:168,(anonymous_16)
FN:174,(anonymous_17)
FN:208,(anonymous_18)
FN:218,(anonymous_19)
FN:224,(anonymous_20)
FNF:14
FNH:9
FNDA:4,(anonymous_7)
FNDA:1,(anonymous_8)
FNDA:1,(anonymous_9)
FNDA:4,(anonymous_10)
FNDA:3,showRunJobDialog
FNDA:6,(anonymous_12)
FNDA:2,(anonymous_13)
FNDA:0,(anonymous_14)
FNDA:0,(anonymous_15)
FNDA:0,(anonymous_16)
FNDA:0,(anonymous_17)
FNDA:2,(anonymous_18)
FNDA:1,(anonymous_19)
FNDA:0,(anonymous_20)
DA:1,2
DA:2,2
DA:3,2
DA:4,2
DA:5,2
DA:6,2
DA:8,2
DA:10,2
DA:12,2
DA:21,4
DA:29,4
DA:57,4
DA:58,1
DA:59,1
DA:60,1
DA:61,1
DA:65,4
DA:66,1
DA:67,1
DA:68,1
DA:70,0
DA:75,2
DA:76,3
DA:81,3
DA:82,3
DA:83,3
DA:84,2
DA:96,1
DA:97,1
DA:98,1
DA:102,1
DA:120,2
DA:121,6
DA:122,6
DA:123,6
DA:124,3
DA:132,2
DA:135,2
DA:138,2
DA:140,2
DA:141,2
DA:142,2
DA:143,2
DA:146,2
DA:147,1
DA:153,2
DA:154,0
DA:155,0
DA:156,0
DA:157,0
DA:159,0
DA:162,0
DA:163,0
DA:164,0
DA:168,2
DA:169,0
DA:170,0
DA:171,0
DA:174,2
DA:179,0
DA:180,0
DA:181,0
DA:197,0
DA:198,0
DA:208,2
DA:212,2
DA:213,2
DA:214,1
DA:217,1
DA:218,1
DA:219,1
DA:220,1
DA:221,0
DA:222,0
DA:223,0
DA:224,0
DA:225,0
DA:226,0
DA:237,1
DA:254,1
DA:255,1
DA:258,1
DA:262,1
LF:83
LH:60
BRDA:60,0,0,1
BRDA:60,1,0,1
BRDA:60,1,1,1
BRDA:81,2,0,3
BRDA:83,3,0,2
BRDA:83,3,1,1
BRDA:98,4,0,1
BRDA:99,5,0,1
BRDA:99,5,1,0
BRDA:123,6,0,3
BRDA:141,7,0,2
BRDA:146,8,0,1
BRDA:155,9,0,0
BRDA:155,9,1,0
BRDA:155,10,0,0
BRDA:155,10,1,0
BRDA:171,11,0,0
BRDA:171,11,1,0
BRDA:171,12,0,0
BRDA:171,12,1,0
BRDA:180,13,0,0
BRDA:180,13,1,0
BRDA:198,14,0,0
BRDA:198,14,1,0
BRDA:213,15,0,1
BRDA:217,16,0,1
BRDA:220,17,0,0
BRDA:223,18,0,0
BRDA:225,19,0,0
BRDA:254,20,0,1
BRF:30
BRH:14
end_of_record
TN:
SF:src/components/VdkErrorMessage.ts
FN:17,(anonymous_0)
FN:27,(anonymous_1)
FNF:2
FNH:2
FNDA:8,(anonymous_0)
FNDA:10,(anonymous_1)
DA:10,4
DA:18,8
DA:19,8
DA:20,8
DA:21,8
DA:22,8
DA:24,8
DA:28,10
DA:35,10
DA:42,10
DA:43,10
DA:44,10
DA:45,18
DA:46,18
DA:47,12
DA:50,12
DA:51,12
DA:52,2
DA:55,6
LF:19
LH:19
BRDA:46,0,0,12
BRDA:46,0,1,6
BRDA:51,1,0,2
BRF:3
BRH:3
end_of_record
TN:
SF:src/components/VdkTextInput.tsx
FN:26,(anonymous_6)
FN:38,(anonymous_7)
FN:69,(anonymous_8)
FN:46,(anonymous_9)
FNF:4
FNH:4
FNDA:76,(anonymous_6)
FNDA:76,(anonymous_7)
FNDA:12,(anonymous_8)
FNDA:76,(anonymous_9)
DA:1,6
DA:2,6
DA:26,6
DA:27,76
DA:28,76
DA:31,6
DA:39,76
DA:47,76
DA:69,76
DA:70,12
DA:71,12
DA:72,12
DA:73,12
LF:13
LH:13
BRDA:72,0,0,0
BRF:1
BRH:0
end_of_record
TN:
SF:src/vdkOptions/vdk_options.ts
FN:6,(anonymous_0)
FNF:1
FNH:1
FNDA:8,(anonymous_0)
DA:6,8
DA:7,8
DA:8,8
DA:9,8
DA:10,8
DA:11,8
DA:12,8
DA:13,8
LF:8
LH:8
BRDA:6,0,0,8
BRDA:6,0,1,8
BRF:2
BRH:2
end_of_record
