TN:
SF:src/commandsAndMenu.tsx
FN:16,updateVDKMenu
FN:40,add_command
FN:45,(anonymous_2)
FNF:3
FNH:0
FNDA:0,updateVDKMenu
FNDA:0,add_command
FNDA:0,(anonymous_2)
DA:2,0
DA:3,0
DA:4,0
DA:5,0
DA:6,0
DA:7,0
DA:8,0
DA:9,0
DA:10,0
DA:11,0
DA:14,0
DA:16,0
DA:18,0
DA:21,0
DA:24,0
DA:27,0
DA:30,0
DA:42,0
DA:46,0
DA:47,0
DA:48,0
DA:49,0
DA:50,0
DA:51,0
DA:52,0
DA:53,0
DA:54,0
DA:56,0
DA:63,0
LF:29
LH:0
BRDA:47,0,0,0
BRDA:47,0,1,0
BRDA:51,1,0,0
BRDA:51,1,1,0
BRF:4
BRH:0
end_of_record
TN:
SF:src/handler.ts
FN:17,requestAPI
FNF:1
FNH:1
FNDA:5,requestAPI
DA:6,6
DA:8,6
DA:17,6
DA:22,5
DA:23,5
DA:30,5
DA:31,5
DA:33,1
DA:36,4
DA:38,4
DA:39,3
DA:40,3
DA:42,0
DA:46,4
DA:47,1
DA:50,3
LF:16
LH:15
BRDA:18,0,0,0
BRDA:19,1,0,5
BRDA:38,2,0,3
BRDA:46,3,0,1
BRF:4
BRH:3
end_of_record
TN:
SF:src/index.ts
FN:41,(anonymous_0)
FN:53,(anonymous_1)
FN:65,(anonymous_2)
FNF:3
FNH:0
FNDA:0,(anonymous_0)
FNDA:0,(anonymous_1)
FNDA:0,(anonymous_2)
DA:11,0
DA:12,0
DA:14,0
DA:16,0
DA:17,0
DA:18,0
DA:19,0
DA:20,0
DA:26,0
DA:31,0
DA:49,0
DA:51,0
DA:53,0
DA:54,0
DA:57,0
DA:58,0
DA:59,0
DA:63,0
DA:65,0
DA:69,0
LF:20
LH:0
BRF:0
BRH:0
end_of_record
TN:
SF:src/initVDKCell.ts
FN:11,initVDKCell
FNF:1
FNH:0
FNDA:0,initVDKCell
DA:11,1
DA:12,0
DA:13,0
DA:14,0
DA:38,0
DA:39,0
DA:41,0
DA:42,0
DA:43,0
LF:9
LH:1
BRDA:13,0,0,0
BRDA:14,1,0,0
BRDA:14,1,1,0
BRDA:14,2,0,0
BRDA:14,2,1,0
BRDA:14,3,0,0
BRDA:14,3,1,0
BRDA:14,4,0,0
BRDA:14,4,1,0
BRDA:38,5,0,0
BRDA:38,5,1,0
BRDA:38,6,0,0
BRDA:38,6,1,0
BRDA:38,7,0,0
BRDA:38,7,1,0
BRDA:38,8,0,0
BRDA:38,8,1,0
BRDA:39,9,0,0
BRDA:39,9,1,0
BRDA:39,10,0,0
BRDA:39,10,1,0
BRDA:41,11,0,0
BRDA:41,12,0,0
BRDA:41,12,1,0
BRDA:41,12,2,0
BRDA:41,12,3,0
BRF:26
BRH:0
end_of_record
TN:
SF:src/jobData.ts
FN:25,setJobDataToDefault
FN:40,getJobDataJsonObject
FN:58,checkIfVdkOptionDataIsDefined
FNF:3
FNH:3
FNDA:9,setJobDataToDefault
FNDA:9,getJobDataJsonObject
FNDA:7,checkIfVdkOptionDataIsDefined
DA:11,8
DA:12,8
DA:20,8
DA:25,8
DA:26,9
DA:27,72
DA:34,8
DA:40,8
DA:41,9
DA:51,9
DA:58,8
DA:61,7
DA:63,0
DA:68,0
LF:14
LH:12
BRDA:61,0,0,7
BRDA:61,0,1,0
BRF:2
BRH:1
end_of_record
TN:
SF:src/serverRequests.ts
FN:15,(anonymous_0)
FN:44,jobRunRequest
FN:68,jobRequest
FN:97,jobdDataRequest
FN:118,getNotebookInfo
FN:159,getVdkCellIndices
FNF:6
FNH:5
FNDA:0,(anonymous_0)
FNDA:2,jobRunRequest
FNDA:2,jobRequest
FNDA:2,jobdDataRequest
FNDA:1,getNotebookInfo
FNDA:2,getVdkCellIndices
DA:6,6
DA:7,6
DA:8,6
DA:13,6
DA:15,6
DA:16,0
DA:44,6
DA:48,2
DA:49,2
DA:50,2
DA:54,2
DA:56,0
DA:57,0
DA:60,0
DA:68,6
DA:69,2
DA:73,2
DA:74,2
DA:78,2
DA:80,0
DA:89,0
DA:97,6
DA:98,2
DA:99,2
DA:103,2
DA:104,2
DA:105,2
DA:106,2
DA:109,0
DA:118,6
DA:126,1
DA:130,1
DA:131,1
DA:132,1
DA:136,1
DA:141,0
DA:142,0
DA:148,0
DA:159,6
DA:162,2
DA:163,2
DA:166,2
DA:170,2
DA:172,0
DA:174,0
LF:45
LH:33
BRDA:48,0,0,2
BRDA:48,0,1,0
BRDA:69,1,0,2
BRDA:70,2,0,2
BRDA:70,2,1,2
BRDA:78,3,0,2
BRDA:78,3,1,0
BRDA:103,4,0,2
BRDA:130,5,0,1
BRDA:130,5,1,0
BRF:10
BRH:7
end_of_record
TN:
SF:src/vdkTags.ts
FN:10,(anonymous_0)
FN:19,(anonymous_1)
FN:32,(anonymous_2)
FN:42,(anonymous_3)
FN:50,(anonymous_4)
FN:58,(anonymous_5)
FN:88,(anonymous_6)
FN:92,(anonymous_7)
FNF:8
FNH:5
FNDA:4,(anonymous_0)
FNDA:3,(anonymous_1)
FNDA:2,(anonymous_2)
FNDA:4,(anonymous_3)
FNDA:0,(anonymous_4)
FNDA:4,(anonymous_5)
FNDA:0,(anonymous_6)
FNDA:0,(anonymous_7)
DA:8,1
DA:10,1
DA:11,4
DA:12,4
DA:13,4
DA:16,4
DA:19,1
DA:20,3
DA:21,3
DA:25,3
DA:26,3
DA:28,3
DA:29,3
DA:32,1
DA:39,2
DA:42,2
DA:43,4
DA:47,2
DA:50,2
DA:51,0
DA:55,2
DA:58,2
DA:59,4
DA:62,2
DA:63,2
DA:64,6
DA:65,2
DA:69,0
DA:70,0
DA:72,2
DA:73,2
DA:76,2
DA:77,2
DA:80,2
DA:82,4
DA:83,4
DA:88,1
DA:92,0
DA:93,0
DA:99,0
DA:100,0
DA:101,0
DA:106,0
DA:109,0
DA:110,0
DA:111,0
DA:114,0
DA:115,0
DA:119,0
DA:125,0
DA:135,0
DA:136,0
LF:52
LH:34
BRDA:13,0,0,1
BRDA:13,0,1,3
BRDA:64,1,0,2
BRDA:64,1,1,4
BRDA:65,2,0,0
BRDA:65,2,1,2
BRDA:66,3,0,2
BRDA:66,3,1,0
BRDA:76,4,0,2
BRDA:76,5,0,2
BRDA:76,5,1,2
BRDA:93,6,0,0
BRDA:94,7,0,0
BRDA:94,7,1,0
BRDA:94,7,2,0
BRDA:102,8,0,0
BRDA:102,8,1,0
BRDA:102,8,2,0
BRDA:109,9,0,0
BRDA:109,10,0,0
BRDA:109,10,1,0
BRDA:114,11,0,0
BRDA:119,12,0,0
BRDA:120,13,0,0
BRDA:120,13,1,0
BRDA:120,13,2,0
BRDA:120,13,3,0
BRF:27
BRH:9
end_of_record
TN:
SF:src/components/CreateJob.tsx
FN:17,(anonymous_7)
FN:25,(anonymous_8)
FN:75,(anonymous_9)
FN:76,(anonymous_10)
FN:83,(anonymous_11)
FN:84,(anonymous_12)
FN:91,(anonymous_13)
FN:111,showCreateJobDialog
FNF:8
FNH:8
FNDA:8,(anonymous_7)
FNDA:8,(anonymous_8)
FNDA:8,(anonymous_9)
FNDA:1,(anonymous_10)
FNDA:8,(anonymous_11)
FNDA:1,(anonymous_12)
FNDA:2,(anonymous_13)
FNDA:2,showCreateJobDialog
DA:1,2
DA:2,2
DA:3,2
DA:4,2
DA:5,2
DA:6,2
DA:10,2
DA:18,8
DA:26,8
DA:76,8
DA:77,1
DA:84,8
DA:85,1
DA:92,2
DA:93,2
DA:94,0
DA:95,0
DA:96,0
DA:98,0
DA:101,2
DA:102,2
DA:103,1
DA:105,1
DA:111,2
DA:112,2
DA:123,2
DA:124,2
LF:27
LH:23
BRDA:93,0,0,0
BRDA:93,0,1,2
BRDA:93,1,0,0
BRDA:93,1,1,2
BRDA:93,2,0,2
BRDA:93,2,1,2
BRDA:95,3,0,0
BRDA:95,3,1,0
BRDA:101,4,0,0
BRDA:101,4,1,2
BRDA:101,5,0,2
BRDA:101,5,1,2
BRDA:102,6,0,1
BRDA:102,6,1,1
BRDA:123,7,0,2
BRF:15
BRH:10
end_of_record
TN:
SF:src/components/DeleteJob.tsx
FN:17,(anonymous_7)
FN:25,(anonymous_8)
FN:43,showDeleteJobDialog
FNF:3
FNH:3
FNDA:4,(anonymous_7)
FNDA:4,(anonymous_8)
FNDA:2,showDeleteJobDialog
DA:1,2
DA:2,2
DA:3,2
DA:4,2
DA:5,2
DA:6,2
DA:10,2
DA:18,4
DA:26,4
DA:43,2
DA:44,2
DA:54,2
DA:55,1
DA:56,1
DA:67,1
DA:68,1
DA:71,0
LF:17
LH:16
BRDA:54,0,0,1
BRDA:67,1,0,1
BRF:2
BRH:2
end_of_record
TN:
SF:src/components/DeployJob.tsx
FN:17,(anonymous_7)
FN:25,(anonymous_8)
FN:66,(anonymous_9)
FN:67,(anonymous_10)
FN:80,showCreateDeploymentDialog
FNF:5
FNH:5
FNDA:8,(anonymous_7)
FNDA:8,(anonymous_8)
FNDA:8,(anonymous_9)
FNDA:1,(anonymous_10)
FNDA:1,showCreateDeploymentDialog
DA:1,2
DA:2,2
DA:3,2
DA:4,2
DA:5,2
DA:6,2
DA:10,2
DA:18,8
DA:26,8
DA:67,8
DA:68,1
DA:69,1
DA:70,0
DA:71,0
DA:73,1
DA:74,1
DA:80,2
DA:81,1
DA:92,1
DA:93,1
DA:94,0
DA:95,0
DA:103,0
DA:104,0
DA:105,0
DA:106,0
DA:107,0
DA:110,0
DA:118,0
LF:29
LH:18
BRDA:69,0,0,0
BRDA:69,0,1,1
BRDA:69,1,0,0
BRDA:69,1,1,1
BRDA:69,2,0,1
BRDA:69,2,1,1
BRDA:73,3,0,0
BRDA:73,3,1,1
BRDA:73,4,0,1
BRDA:73,4,1,1
BRDA:92,5,0,1
BRDA:92,5,1,0
BRDA:93,6,0,0
BRDA:103,7,0,0
BRDA:105,8,0,0
BRDA:105,8,1,0
BRDA:106,9,0,0
BRF:17
BRH:8
end_of_record
TN:
SF:src/components/DownloadJob.tsx
FN:17,(anonymous_7)
FN:25,(anonymous_8)
FN:48,showDownloadJobDialog
FNF:3
FNH:3
FNDA:6,(anonymous_7)
FNDA:6,(anonymous_8)
FNDA:2,showDownloadJobDialog
DA:1,2
DA:2,2
DA:3,2
DA:4,2
DA:5,2
DA:7,2
DA:10,2
DA:18,6
DA:26,6
DA:48,2
DA:49,2
DA:58,2
DA:59,2
LF:13
LH:13
BRDA:58,0,0,2
BRF:1
BRH:1
end_of_record
TN:
SF:src/components/RunJob.tsx
FN:19,(anonymous_7)
FN:56,(anonymous_8)
FN:64,(anonymous_9)
FN:27,(anonymous_10)
FN:74,showRunJobDialog
FN:119,(anonymous_12)
FN:131,(anonymous_13)
FN:152,(anonymous_14)
FN:161,(anonymous_15)
FN:167,(anonymous_16)
FN:173,(anonymous_17)
FN:207,(anonymous_18)
FN:217,(anonymous_19)
FN:223,(anonymous_20)
FNF:14
FNH:9
FNDA:4,(anonymous_7)
FNDA:1,(anonymous_8)
FNDA:1,(anonymous_9)
FNDA:4,(anonymous_10)
FNDA:3,showRunJobDialog
FNDA:6,(anonymous_12)
FNDA:2,(anonymous_13)
FNDA:0,(anonymous_14)
FNDA:0,(anonymous_15)
FNDA:0,(anonymous_16)
FNDA:0,(anonymous_17)
FNDA:2,(anonymous_18)
FNDA:1,(anonymous_19)
FNDA:0,(anonymous_20)
DA:1,2
DA:2,2
DA:3,2
DA:4,2
DA:5,2
DA:6,2
DA:8,2
DA:11,2
DA:20,4
DA:28,4
DA:56,4
DA:57,1
DA:58,1
DA:59,1
DA:60,1
DA:64,4
DA:65,1
DA:66,1
DA:67,1
DA:69,0
DA:74,2
DA:75,3
DA:80,3
DA:81,3
DA:82,3
DA:83,2
DA:95,1
DA:96,1
DA:97,1
DA:101,1
DA:119,2
DA:120,6
DA:121,6
DA:122,6
DA:123,3
DA:131,2
DA:134,2
DA:137,2
DA:139,2
DA:140,2
DA:141,2
DA:142,2
DA:145,2
DA:146,1
DA:152,2
DA:153,0
DA:154,0
DA:155,0
DA:156,0
DA:158,0
DA:161,0
DA:162,0
DA:163,0
DA:167,2
DA:168,0
DA:169,0
DA:170,0
DA:173,2
DA:178,0
DA:179,0
DA:180,0
DA:196,0
DA:197,0
DA:207,2
DA:211,2
DA:212,2
DA:213,1
DA:216,1
DA:217,1
DA:218,1
DA:219,1
DA:220,0
DA:221,0
DA:222,0
DA:223,0
DA:224,0
DA:225,0
DA:236,1
DA:253,1
DA:254,1
DA:257,1
DA:261,1
LF:82
LH:59
BRDA:59,0,0,1
BRDA:59,1,0,1
BRDA:59,1,1,1
BRDA:80,2,0,3
BRDA:82,3,0,2
BRDA:82,3,1,1
BRDA:97,4,0,1
BRDA:98,5,0,1
BRDA:98,5,1,0
BRDA:122,6,0,3
BRDA:140,7,0,2
BRDA:145,8,0,1
BRDA:154,9,0,0
BRDA:154,9,1,0
BRDA:154,10,0,0
BRDA:154,10,1,0
BRDA:170,11,0,0
BRDA:170,11,1,0
BRDA:170,12,0,0
BRDA:170,12,1,0
BRDA:179,13,0,0
BRDA:179,13,1,0
BRDA:197,14,0,0
BRDA:197,14,1,0
BRDA:212,15,0,1
BRDA:216,16,0,1
BRDA:219,17,0,0
BRDA:222,18,0,0
BRDA:224,19,0,0
BRDA:253,20,0,1
BRF:30
BRH:14
end_of_record
TN:
SF:src/components/VdkErrorMessage.ts
FN:17,(anonymous_0)
FN:27,(anonymous_1)
FNF:2
FNH:2
FNDA:8,(anonymous_0)
FNDA:10,(anonymous_1)
DA:10,3
DA:18,8
DA:19,8
DA:20,8
DA:21,8
DA:22,8
DA:24,8
DA:28,10
DA:35,10
DA:42,10
DA:43,10
DA:44,10
DA:45,18
DA:46,18
DA:47,12
DA:50,12
DA:51,12
DA:52,2
DA:55,6
LF:19
LH:19
BRDA:46,0,0,12
BRDA:46,0,1,6
BRDA:51,1,0,2
BRF:3
BRH:3
end_of_record
TN:
SF:src/components/VdkTextInput.tsx
FN:26,(anonymous_6)
FN:38,(anonymous_7)
FN:69,(anonymous_8)
FN:46,(anonymous_9)
FNF:4
FNH:4
FNDA:86,(anonymous_6)
FNDA:86,(anonymous_7)
FNDA:13,(anonymous_8)
FNDA:86,(anonymous_9)
DA:1,6
DA:2,6
DA:26,6
DA:27,86
DA:28,86
DA:31,6
DA:39,86
DA:47,86
DA:69,86
DA:70,13
DA:71,13
DA:72,13
DA:73,13
LF:13
LH:13
BRDA:72,0,0,0
BRF:1
BRH:0
end_of_record
TN:
SF:src/vdkOptions/vdk_options.ts
FN:6,(anonymous_0)
FNF:1
FNH:1
FNDA:8,(anonymous_0)
DA:6,8
DA:7,8
DA:8,8
DA:9,8
DA:10,8
DA:11,8
DA:12,8
DA:13,8
DA:14,8
LF:9
LH:9
BRDA:6,0,0,8
BRDA:6,0,1,8
BRF:2
BRH:2
end_of_record
